#
# There is insufficient memory for the Java Runtime Environment to continue.
# Native memory allocation (malloc) failed to allocate 32744 bytes for ChunkPool::allocate
# Possible reasons:
#   The system is out of physical RAM or swap space
#   The process is running with CompressedOops enabled, and the Java Heap may be blocking the growth of the native heap
# Possible solutions:
#   Reduce memory load on the system
#   Increase physical memory or swap space
#   Check if swap backing store is full
#   Decrease Java heap size (-Xmx/-Xms)
#   Decrease number of Java threads
#   Decrease Java thread stack sizes (-Xss)
#   Set larger code cache with -XX:ReservedCodeCacheSize=
#   JVM is running with Unscaled Compressed Oops mode in which the Java heap is
#     placed in the first 4GB address space. The Java Heap base address is the
#     maximum limit for the native heap growth. Please use -XX:HeapBaseMinAddress
#     to set the Java Heap base and to place the Java Heap above 4GB virtual address.
# This output file may be truncated or incomplete.
#
#  Out of Memory Error (arena.cpp:79), pid=16872, tid=1388
#
# JRE version: Java(TM) SE Runtime Environment (16.0.1+9) (build 16.0.1+9-24)
# Java VM: Java HotSpot(TM) 64-Bit Server VM (16.0.1+9-24, mixed mode, sharing, tiered, compressed oops, compressed class ptrs, g1 gc, windows-amd64)
# No core dump will be written. Minidumps are not enabled by default on client versions of Windows
#

---------------  S U M M A R Y ------------

Command Line: -Dfile.encoding=UTF-8 -XX:+ShowCodeDetailsInExceptionMessages com.kasun.HibenateLevel1AndLevel2Cache.demo.App

Host: Intel(R) Core(TM) i5-1035G1 CPU @ 1.00GHz, 8 cores, 7G,  Windows 10 , 64 bit Build 19041 (10.0.19041.1151)
Time: Mon Sep 20 20:53:07 2021 Sri Lanka Standard Time elapsed time: 1.159399 seconds (0d 0h 0m 1s)

---------------  T H R E A D  ---------------

Current thread (0x000001c450d435f0):  JavaThread "C1 CompilerThread0" daemon [_thread_in_native, id=1388, stack(0x0000005725600000,0x0000005725700000)]


Current CompileTask:
C1:   1159 1487       3       java.lang.reflect.ProxyGenerator$ProxyMethod::generateMethod (548 bytes)

Stack: [0x0000005725600000,0x0000005725700000]
Native frames: (J=compiled Java code, j=interpreted, Vv=VM code, C=native code)
V  [jvm.dll+0x6687ca]
V  [jvm.dll+0x7ca3c9]
V  [jvm.dll+0x7cbb53]
V  [jvm.dll+0x7cc1b3]
V  [jvm.dll+0x242ea5]
V  [jvm.dll+0xae25f]
V  [jvm.dll+0xae5ac]
V  [jvm.dll+0x18d475]
V  [jvm.dll+0x1328fd]
V  [jvm.dll+0x132b80]
V  [jvm.dll+0x132e49]
V  [jvm.dll+0x1322af]
V  [jvm.dll+0x134071]
V  [jvm.dll+0x2253a8]
V  [jvm.dll+0x2233ec]
V  [jvm.dll+0x780002]
V  [jvm.dll+0x779b4a]
V  [jvm.dll+0x667666]
C  [ucrtbase.dll+0x21bb2]
C  [KERNEL32.DLL+0x17034]
C  [ntdll.dll+0x52651]


---------------  P R O C E S S  ---------------

Threads class SMR info:
_java_thread_list=0x000001c4519b3050, length=16, elements={
0x000001c430f4e5e0, 0x000001c450d02bf0, 0x000001c450d035f0, 0x000001c450d12b50,
0x000001c450d13550, 0x000001c450d15f60, 0x000001c450d16960, 0x000001c450d22ba0,
0x000001c450d435f0, 0x000001c450d57c40, 0x000001c4518c1d50, 0x000001c4518d2700,
0x000001c451960a60, 0x000001c4520a4830, 0x000001c45221b440, 0x000001c45228f350
}

Java Threads: ( => current thread )
  0x000001c430f4e5e0 JavaThread "main" [_thread_in_native, id=10396, stack(0x0000005724800000,0x0000005724900000)]
  0x000001c450d02bf0 JavaThread "Reference Handler" daemon [_thread_blocked, id=14368, stack(0x0000005724f00000,0x0000005725000000)]
  0x000001c450d035f0 JavaThread "Finalizer" daemon [_thread_blocked, id=11080, stack(0x0000005725000000,0x0000005725100000)]
  0x000001c450d12b50 JavaThread "Signal Dispatcher" daemon [_thread_blocked, id=8308, stack(0x0000005725100000,0x0000005725200000)]
  0x000001c450d13550 JavaThread "Attach Listener" daemon [_thread_blocked, id=3256, stack(0x0000005725200000,0x0000005725300000)]
  0x000001c450d15f60 JavaThread "Service Thread" daemon [_thread_blocked, id=9052, stack(0x0000005725300000,0x0000005725400000)]
  0x000001c450d16960 JavaThread "Monitor Deflation Thread" daemon [_thread_blocked, id=6780, stack(0x0000005725400000,0x0000005725500000)]
  0x000001c450d22ba0 JavaThread "C2 CompilerThread0" daemon [_thread_in_native, id=14936, stack(0x0000005725500000,0x0000005725600000)]
=>0x000001c450d435f0 JavaThread "C1 CompilerThread0" daemon [_thread_in_native, id=1388, stack(0x0000005725600000,0x0000005725700000)]
  0x000001c450d57c40 JavaThread "Sweeper thread" daemon [_thread_blocked, id=15992, stack(0x0000005725700000,0x0000005725800000)]
  0x000001c4518c1d50 JavaThread "Notification Thread" daemon [_thread_blocked, id=13184, stack(0x0000005725800000,0x0000005725900000)]
  0x000001c4518d2700 JavaThread "Common-Cleaner" daemon [_thread_blocked, id=13092, stack(0x0000005725a00000,0x0000005725b00000)]
  0x000001c451960a60 JavaThread "Keep-Alive-Timer" daemon [_thread_blocked, id=15540, stack(0x0000005725b00000,0x0000005725c00000)]
  0x000001c4520a4830 JavaThread "Abandoned connection cleanup thread" daemon [_thread_blocked, id=15640, stack(0x0000005725c00000,0x0000005725d00000)]
  0x000001c45221b440 JavaThread "C2 CompilerThread1" daemon [_thread_in_native, id=13484, stack(0x0000005725d00000,0x0000005725e00000)]
  0x000001c45228f350 JavaThread "__DEFAULT__" daemon [_thread_blocked, id=1836, stack(0x0000005726500000,0x0000005726600000)]

Other Threads:
  0x000001c450cff200 VMThread "VM Thread" [stack: 0x0000005724e00000,0x0000005724f00000] [id=10552]
  0x000001c4518c6af0 WatcherThread [stack: 0x0000005725900000,0x0000005725a00000] [id=18916]
  0x000001c430f901d0 GCTaskThread "GC Thread#0" [stack: 0x0000005724900000,0x0000005724a00000] [id=7656]
  0x000001c4522d7bd0 GCTaskThread "GC Thread#1" [stack: 0x0000005725e00000,0x0000005725f00000] [id=16200]
  0x000001c4522d7ee0 GCTaskThread "GC Thread#2" [stack: 0x0000005725f00000,0x0000005726000000] [id=16612]
  0x000001c45203f4e0 GCTaskThread "GC Thread#3" [stack: 0x0000005726000000,0x0000005726100000] [id=7576]
  0x000001c4521c9890 GCTaskThread "GC Thread#4" [stack: 0x0000005726100000,0x0000005726200000] [id=8900]
  0x000001c452198680 GCTaskThread "GC Thread#5" [stack: 0x0000005726200000,0x0000005726300000] [id=7828]
  0x000001c4522ce740 GCTaskThread "GC Thread#6" [stack: 0x0000005726300000,0x0000005726400000] [id=6216]
  0x000001c4522cea50 GCTaskThread "GC Thread#7" [stack: 0x0000005726400000,0x0000005726500000] [id=14004]
  0x000001c430fa2240 ConcurrentGCThread "G1 Main Marker" [stack: 0x0000005724a00000,0x0000005724b00000] [id=19256]
  0x000001c430fa2cb0 ConcurrentGCThread "G1 Conc#0" [stack: 0x0000005724b00000,0x0000005724c00000] [id=14740]
  0x000001c43101a390 ConcurrentGCThread "G1 Refine#0" [stack: 0x0000005724c00000,0x0000005724d00000] [id=2712]
  0x000001c43101ae10 ConcurrentGCThread "G1 Service" [stack: 0x0000005724d00000,0x0000005724e00000] [id=14268]

Threads with active compile tasks:
C2 CompilerThread0     1170 1434       4       jdk.internal.org.objectweb.asm.Frame::execute (2305 bytes)
C1 CompilerThread0     1170 1487       3       java.lang.reflect.ProxyGenerator$ProxyMethod::generateMethod (548 bytes)
C2 CompilerThread1     1170 1454       4       jdk.internal.org.objectweb.asm.SymbolTable::addConstantUtf8 (98 bytes)

VM state: not at safepoint (normal execution)

VM Mutex/Monitor currently owned by a thread: None

Heap address: 0x0000000084000000, size: 1984 MB, Compressed Oops mode: 32-bit

CDS archive(s) mapped at: [0x0000000800000000-0x0000000800bb0000-0x0000000800bb0000), size 12255232, SharedBaseAddress: 0x0000000800000000, ArchiveRelocationMode: 0.
Compressed class space mapped at: 0x0000000800c00000-0x0000000840c00000, reserved size: 1073741824
Narrow klass base: 0x0000000800000000, Narrow klass shift: 3, Narrow klass range: 0x100000000

GC Precious Log:
 CPUs: 8 total, 8 available
 Memory: 7934M
 Large Page Support: Disabled
 NUMA Support: Disabled
 Compressed Oops: Enabled (32-bit)
 Heap Region Size: 1M
 Heap Min Capacity: 8M
 Heap Initial Capacity: 124M
 Heap Max Capacity: 1984M
 Pre-touch: Disabled
 Parallel Workers: 8
 Concurrent Workers: 2
 Concurrent Refinement Workers: 8
 Periodic GC: Disabled

Heap:
 garbage-first heap   total 126976K, used 28593K [0x0000000084000000, 0x0000000100000000)
  region size 1024K, 26 young (26624K), 3 survivors (3072K)
 Metaspace       used 16007K, committed 16192K, reserved 1064960K
  class space    used 1801K, committed 1856K, reserved 1048576K

Heap Regions: E=young(eden), S=young(survivor), O=old, HS=humongous(starts), HC=humongous(continues), CS=collection set, F=free, OA=open archive, CA=closed archive, TAMS=top-at-mark-start (previous, next)
|   0|0x0000000084000000, 0x0000000084100000, 0x0000000084100000|100%|HS|  |TAMS 0x0000000084000000, 0x0000000084000000| Complete 
|   1|0x0000000084100000, 0x0000000084200000, 0x0000000084200000|100%| O|  |TAMS 0x0000000084100000, 0x0000000084100000| Untracked 
|   2|0x0000000084200000, 0x00000000842ec400, 0x0000000084300000| 92%| O|  |TAMS 0x0000000084200000, 0x0000000084200000| Untracked 
|   3|0x0000000084300000, 0x0000000084300000, 0x0000000084400000|  0%| F|  |TAMS 0x0000000084300000, 0x0000000084300000| Untracked 
|   4|0x0000000084400000, 0x0000000084400000, 0x0000000084500000|  0%| F|  |TAMS 0x0000000084400000, 0x0000000084400000| Untracked 
|   5|0x0000000084500000, 0x0000000084500000, 0x0000000084600000|  0%| F|  |TAMS 0x0000000084500000, 0x0000000084500000| Untracked 
|   6|0x0000000084600000, 0x0000000084600000, 0x0000000084700000|  0%| F|  |TAMS 0x0000000084600000, 0x0000000084600000| Untracked 
|   7|0x0000000084700000, 0x0000000084700000, 0x0000000084800000|  0%| F|  |TAMS 0x0000000084700000, 0x0000000084700000| Untracked 
|   8|0x0000000084800000, 0x0000000084800000, 0x0000000084900000|  0%| F|  |TAMS 0x0000000084800000, 0x0000000084800000| Untracked 
|   9|0x0000000084900000, 0x0000000084900000, 0x0000000084a00000|  0%| F|  |TAMS 0x0000000084900000, 0x0000000084900000| Untracked 
|  10|0x0000000084a00000, 0x0000000084a00000, 0x0000000084b00000|  0%| F|  |TAMS 0x0000000084a00000, 0x0000000084a00000| Untracked 
|  11|0x0000000084b00000, 0x0000000084b00000, 0x0000000084c00000|  0%| F|  |TAMS 0x0000000084b00000, 0x0000000084b00000| Untracked 
|  12|0x0000000084c00000, 0x0000000084c00000, 0x0000000084d00000|  0%| F|  |TAMS 0x0000000084c00000, 0x0000000084c00000| Untracked 
|  13|0x0000000084d00000, 0x0000000084d00000, 0x0000000084e00000|  0%| F|  |TAMS 0x0000000084d00000, 0x0000000084d00000| Untracked 
|  14|0x0000000084e00000, 0x0000000084e00000, 0x0000000084f00000|  0%| F|  |TAMS 0x0000000084e00000, 0x0000000084e00000| Untracked 
|  15|0x0000000084f00000, 0x0000000084f00000, 0x0000000085000000|  0%| F|  |TAMS 0x0000000084f00000, 0x0000000084f00000| Untracked 
|  16|0x0000000085000000, 0x0000000085000000, 0x0000000085100000|  0%| F|  |TAMS 0x0000000085000000, 0x0000000085000000| Untracked 
|  17|0x0000000085100000, 0x0000000085100000, 0x0000000085200000|  0%| F|  |TAMS 0x0000000085100000, 0x0000000085100000| Untracked 
|  18|0x0000000085200000, 0x0000000085200000, 0x0000000085300000|  0%| F|  |TAMS 0x0000000085200000, 0x0000000085200000| Untracked 
|  19|0x0000000085300000, 0x0000000085300000, 0x0000000085400000|  0%| F|  |TAMS 0x0000000085300000, 0x0000000085300000| Untracked 
|  20|0x0000000085400000, 0x0000000085400000, 0x0000000085500000|  0%| F|  |TAMS 0x0000000085400000, 0x0000000085400000| Untracked 
|  21|0x0000000085500000, 0x0000000085500000, 0x0000000085600000|  0%| F|  |TAMS 0x0000000085500000, 0x0000000085500000| Untracked 
|  22|0x0000000085600000, 0x0000000085600000, 0x0000000085700000|  0%| F|  |TAMS 0x0000000085600000, 0x0000000085600000| Untracked 
|  23|0x0000000085700000, 0x0000000085700000, 0x0000000085800000|  0%| F|  |TAMS 0x0000000085700000, 0x0000000085700000| Untracked 
|  24|0x0000000085800000, 0x0000000085800000, 0x0000000085900000|  0%| F|  |TAMS 0x0000000085800000, 0x0000000085800000| Untracked 
|  25|0x0000000085900000, 0x0000000085900000, 0x0000000085a00000|  0%| F|  |TAMS 0x0000000085900000, 0x0000000085900000| Untracked 
|  26|0x0000000085a00000, 0x0000000085a00000, 0x0000000085b00000|  0%| F|  |TAMS 0x0000000085a00000, 0x0000000085a00000| Untracked 
|  27|0x0000000085b00000, 0x0000000085b00000, 0x0000000085c00000|  0%| F|  |TAMS 0x0000000085b00000, 0x0000000085b00000| Untracked 
|  28|0x0000000085c00000, 0x0000000085c00000, 0x0000000085d00000|  0%| F|  |TAMS 0x0000000085c00000, 0x0000000085c00000| Untracked 
|  29|0x0000000085d00000, 0x0000000085d00000, 0x0000000085e00000|  0%| F|  |TAMS 0x0000000085d00000, 0x0000000085d00000| Untracked 
|  30|0x0000000085e00000, 0x0000000085e00000, 0x0000000085f00000|  0%| F|  |TAMS 0x0000000085e00000, 0x0000000085e00000| Untracked 
|  31|0x0000000085f00000, 0x0000000085f00000, 0x0000000086000000|  0%| F|  |TAMS 0x0000000085f00000, 0x0000000085f00000| Untracked 
|  32|0x0000000086000000, 0x0000000086000000, 0x0000000086100000|  0%| F|  |TAMS 0x0000000086000000, 0x0000000086000000| Untracked 
|  33|0x0000000086100000, 0x0000000086100000, 0x0000000086200000|  0%| F|  |TAMS 0x0000000086100000, 0x0000000086100000| Untracked 
|  34|0x0000000086200000, 0x0000000086200000, 0x0000000086300000|  0%| F|  |TAMS 0x0000000086200000, 0x0000000086200000| Untracked 
|  35|0x0000000086300000, 0x0000000086300000, 0x0000000086400000|  0%| F|  |TAMS 0x0000000086300000, 0x0000000086300000| Untracked 
|  36|0x0000000086400000, 0x0000000086400000, 0x0000000086500000|  0%| F|  |TAMS 0x0000000086400000, 0x0000000086400000| Untracked 
|  37|0x0000000086500000, 0x0000000086500000, 0x0000000086600000|  0%| F|  |TAMS 0x0000000086500000, 0x0000000086500000| Untracked 
|  38|0x0000000086600000, 0x0000000086600000, 0x0000000086700000|  0%| F|  |TAMS 0x0000000086600000, 0x0000000086600000| Untracked 
|  39|0x0000000086700000, 0x0000000086700000, 0x0000000086800000|  0%| F|  |TAMS 0x0000000086700000, 0x0000000086700000| Untracked 
|  40|0x0000000086800000, 0x0000000086800000, 0x0000000086900000|  0%| F|  |TAMS 0x0000000086800000, 0x0000000086800000| Untracked 
|  41|0x0000000086900000, 0x0000000086900000, 0x0000000086a00000|  0%| F|  |TAMS 0x0000000086900000, 0x0000000086900000| Untracked 
|  42|0x0000000086a00000, 0x0000000086a00000, 0x0000000086b00000|  0%| F|  |TAMS 0x0000000086a00000, 0x0000000086a00000| Untracked 
|  43|0x0000000086b00000, 0x0000000086b00000, 0x0000000086c00000|  0%| F|  |TAMS 0x0000000086b00000, 0x0000000086b00000| Untracked 
|  44|0x0000000086c00000, 0x0000000086c00000, 0x0000000086d00000|  0%| F|  |TAMS 0x0000000086c00000, 0x0000000086c00000| Untracked 
|  45|0x0000000086d00000, 0x0000000086d00000, 0x0000000086e00000|  0%| F|  |TAMS 0x0000000086d00000, 0x0000000086d00000| Untracked 
|  46|0x0000000086e00000, 0x0000000086e00000, 0x0000000086f00000|  0%| F|  |TAMS 0x0000000086e00000, 0x0000000086e00000| Untracked 
|  47|0x0000000086f00000, 0x0000000086f00000, 0x0000000087000000|  0%| F|  |TAMS 0x0000000086f00000, 0x0000000086f00000| Untracked 
|  48|0x0000000087000000, 0x0000000087000000, 0x0000000087100000|  0%| F|  |TAMS 0x0000000087000000, 0x0000000087000000| Untracked 
|  49|0x0000000087100000, 0x0000000087100000, 0x0000000087200000|  0%| F|  |TAMS 0x0000000087100000, 0x0000000087100000| Untracked 
|  50|0x0000000087200000, 0x0000000087200000, 0x0000000087300000|  0%| F|  |TAMS 0x0000000087200000, 0x0000000087200000| Untracked 
|  51|0x0000000087300000, 0x0000000087300000, 0x0000000087400000|  0%| F|  |TAMS 0x0000000087300000, 0x0000000087300000| Untracked 
|  52|0x0000000087400000, 0x0000000087400000, 0x0000000087500000|  0%| F|  |TAMS 0x0000000087400000, 0x0000000087400000| Untracked 
|  53|0x0000000087500000, 0x0000000087500000, 0x0000000087600000|  0%| F|  |TAMS 0x0000000087500000, 0x0000000087500000| Untracked 
|  54|0x0000000087600000, 0x0000000087600000, 0x0000000087700000|  0%| F|  |TAMS 0x0000000087600000, 0x0000000087600000| Untracked 
|  55|0x0000000087700000, 0x0000000087700000, 0x0000000087800000|  0%| F|  |TAMS 0x0000000087700000, 0x0000000087700000| Untracked 
|  56|0x0000000087800000, 0x0000000087800000, 0x0000000087900000|  0%| F|  |TAMS 0x0000000087800000, 0x0000000087800000| Untracked 
|  57|0x0000000087900000, 0x0000000087900000, 0x0000000087a00000|  0%| F|  |TAMS 0x0000000087900000, 0x0000000087900000| Untracked 
|  58|0x0000000087a00000, 0x0000000087a00000, 0x0000000087b00000|  0%| F|  |TAMS 0x0000000087a00000, 0x0000000087a00000| Untracked 
|  59|0x0000000087b00000, 0x0000000087b00000, 0x0000000087c00000|  0%| F|  |TAMS 0x0000000087b00000, 0x0000000087b00000| Untracked 
|  60|0x0000000087c00000, 0x0000000087c00000, 0x0000000087d00000|  0%| F|  |TAMS 0x0000000087c00000, 0x0000000087c00000| Untracked 
|  61|0x0000000087d00000, 0x0000000087d00000, 0x0000000087e00000|  0%| F|  |TAMS 0x0000000087d00000, 0x0000000087d00000| Untracked 
|  62|0x0000000087e00000, 0x0000000087e00000, 0x0000000087f00000|  0%| F|  |TAMS 0x0000000087e00000, 0x0000000087e00000| Untracked 
|  63|0x0000000087f00000, 0x0000000087f00000, 0x0000000088000000|  0%| F|  |TAMS 0x0000000087f00000, 0x0000000087f00000| Untracked 
|  64|0x0000000088000000, 0x0000000088000000, 0x0000000088100000|  0%| F|  |TAMS 0x0000000088000000, 0x0000000088000000| Untracked 
|  65|0x0000000088100000, 0x0000000088100000, 0x0000000088200000|  0%| F|  |TAMS 0x0000000088100000, 0x0000000088100000| Untracked 
|  66|0x0000000088200000, 0x0000000088200000, 0x0000000088300000|  0%| F|  |TAMS 0x0000000088200000, 0x0000000088200000| Untracked 
|  67|0x0000000088300000, 0x0000000088300000, 0x0000000088400000|  0%| F|  |TAMS 0x0000000088300000, 0x0000000088300000| Untracked 
|  68|0x0000000088400000, 0x0000000088400000, 0x0000000088500000|  0%| F|  |TAMS 0x0000000088400000, 0x0000000088400000| Untracked 
|  69|0x0000000088500000, 0x0000000088500000, 0x0000000088600000|  0%| F|  |TAMS 0x0000000088500000, 0x0000000088500000| Untracked 
|  70|0x0000000088600000, 0x0000000088600000, 0x0000000088700000|  0%| F|  |TAMS 0x0000000088600000, 0x0000000088600000| Untracked 
|  71|0x0000000088700000, 0x0000000088700000, 0x0000000088800000|  0%| F|  |TAMS 0x0000000088700000, 0x0000000088700000| Untracked 
|  72|0x0000000088800000, 0x0000000088800000, 0x0000000088900000|  0%| F|  |TAMS 0x0000000088800000, 0x0000000088800000| Untracked 
|  73|0x0000000088900000, 0x0000000088900000, 0x0000000088a00000|  0%| F|  |TAMS 0x0000000088900000, 0x0000000088900000| Untracked 
|  74|0x0000000088a00000, 0x0000000088a00000, 0x0000000088b00000|  0%| F|  |TAMS 0x0000000088a00000, 0x0000000088a00000| Untracked 
|  75|0x0000000088b00000, 0x0000000088b00000, 0x0000000088c00000|  0%| F|  |TAMS 0x0000000088b00000, 0x0000000088b00000| Untracked 
|  76|0x0000000088c00000, 0x0000000088c00000, 0x0000000088d00000|  0%| F|  |TAMS 0x0000000088c00000, 0x0000000088c00000| Untracked 
|  77|0x0000000088d00000, 0x0000000088d00000, 0x0000000088e00000|  0%| F|  |TAMS 0x0000000088d00000, 0x0000000088d00000| Untracked 
|  78|0x0000000088e00000, 0x0000000088e00000, 0x0000000088f00000|  0%| F|  |TAMS 0x0000000088e00000, 0x0000000088e00000| Untracked 
|  79|0x0000000088f00000, 0x0000000088f00000, 0x0000000089000000|  0%| F|  |TAMS 0x0000000088f00000, 0x0000000088f00000| Untracked 
|  80|0x0000000089000000, 0x0000000089000000, 0x0000000089100000|  0%| F|  |TAMS 0x0000000089000000, 0x0000000089000000| Untracked 
|  81|0x0000000089100000, 0x0000000089100000, 0x0000000089200000|  0%| F|  |TAMS 0x0000000089100000, 0x0000000089100000| Untracked 
|  82|0x0000000089200000, 0x0000000089200000, 0x0000000089300000|  0%| F|  |TAMS 0x0000000089200000, 0x0000000089200000| Untracked 
|  83|0x0000000089300000, 0x0000000089300000, 0x0000000089400000|  0%| F|  |TAMS 0x0000000089300000, 0x0000000089300000| Untracked 
|  84|0x0000000089400000, 0x0000000089400000, 0x0000000089500000|  0%| F|  |TAMS 0x0000000089400000, 0x0000000089400000| Untracked 
|  85|0x0000000089500000, 0x0000000089500000, 0x0000000089600000|  0%| F|  |TAMS 0x0000000089500000, 0x0000000089500000| Untracked 
|  86|0x0000000089600000, 0x0000000089600000, 0x0000000089700000|  0%| F|  |TAMS 0x0000000089600000, 0x0000000089600000| Untracked 
|  87|0x0000000089700000, 0x0000000089700000, 0x0000000089800000|  0%| F|  |TAMS 0x0000000089700000, 0x0000000089700000| Untracked 
|  88|0x0000000089800000, 0x0000000089800000, 0x0000000089900000|  0%| F|  |TAMS 0x0000000089800000, 0x0000000089800000| Untracked 
|  89|0x0000000089900000, 0x0000000089900000, 0x0000000089a00000|  0%| F|  |TAMS 0x0000000089900000, 0x0000000089900000| Untracked 
|  90|0x0000000089a00000, 0x0000000089a00000, 0x0000000089b00000|  0%| F|  |TAMS 0x0000000089a00000, 0x0000000089a00000| Untracked 
|  91|0x0000000089b00000, 0x0000000089b00000, 0x0000000089c00000|  0%| F|  |TAMS 0x0000000089b00000, 0x0000000089b00000| Untracked 
|  92|0x0000000089c00000, 0x0000000089c00000, 0x0000000089d00000|  0%| F|  |TAMS 0x0000000089c00000, 0x0000000089c00000| Untracked 
|  93|0x0000000089d00000, 0x0000000089d00000, 0x0000000089e00000|  0%| F|  |TAMS 0x0000000089d00000, 0x0000000089d00000| Untracked 
|  94|0x0000000089e00000, 0x0000000089e00000, 0x0000000089f00000|  0%| F|  |TAMS 0x0000000089e00000, 0x0000000089e00000| Untracked 
|  95|0x0000000089f00000, 0x0000000089f00000, 0x000000008a000000|  0%| F|  |TAMS 0x0000000089f00000, 0x0000000089f00000| Untracked 
|  96|0x000000008a000000, 0x000000008a000000, 0x000000008a100000|  0%| F|  |TAMS 0x000000008a000000, 0x000000008a000000| Untracked 
|  97|0x000000008a100000, 0x000000008a100000, 0x000000008a200000|  0%| F|  |TAMS 0x000000008a100000, 0x000000008a100000| Untracked 
|  98|0x000000008a200000, 0x000000008a300000, 0x000000008a300000|100%| S|CS|TAMS 0x000000008a200000, 0x000000008a200000| Complete 
|  99|0x000000008a300000, 0x000000008a400000, 0x000000008a400000|100%| S|CS|TAMS 0x000000008a300000, 0x000000008a300000| Complete 
| 100|0x000000008a400000, 0x000000008a500000, 0x000000008a500000|100%| S|CS|TAMS 0x000000008a400000, 0x000000008a400000| Complete 
| 101|0x000000008a500000, 0x000000008a600000, 0x000000008a600000|100%| E|  |TAMS 0x000000008a500000, 0x000000008a500000| Complete 
| 102|0x000000008a600000, 0x000000008a700000, 0x000000008a700000|100%| E|CS|TAMS 0x000000008a600000, 0x000000008a600000| Complete 
| 103|0x000000008a700000, 0x000000008a800000, 0x000000008a800000|100%| E|CS|TAMS 0x000000008a700000, 0x000000008a700000| Complete 
| 104|0x000000008a800000, 0x000000008a900000, 0x000000008a900000|100%| E|CS|TAMS 0x000000008a800000, 0x000000008a800000| Complete 
| 105|0x000000008a900000, 0x000000008aa00000, 0x000000008aa00000|100%| E|CS|TAMS 0x000000008a900000, 0x000000008a900000| Complete 
| 106|0x000000008aa00000, 0x000000008ab00000, 0x000000008ab00000|100%| E|CS|TAMS 0x000000008aa00000, 0x000000008aa00000| Complete 
| 107|0x000000008ab00000, 0x000000008ac00000, 0x000000008ac00000|100%| E|CS|TAMS 0x000000008ab00000, 0x000000008ab00000| Complete 
| 108|0x000000008ac00000, 0x000000008ad00000, 0x000000008ad00000|100%| E|CS|TAMS 0x000000008ac00000, 0x000000008ac00000| Complete 
| 109|0x000000008ad00000, 0x000000008ae00000, 0x000000008ae00000|100%| E|CS|TAMS 0x000000008ad00000, 0x000000008ad00000| Complete 
| 110|0x000000008ae00000, 0x000000008af00000, 0x000000008af00000|100%| E|CS|TAMS 0x000000008ae00000, 0x000000008ae00000| Complete 
| 111|0x000000008af00000, 0x000000008b000000, 0x000000008b000000|100%| E|CS|TAMS 0x000000008af00000, 0x000000008af00000| Complete 
| 112|0x000000008b000000, 0x000000008b100000, 0x000000008b100000|100%| E|CS|TAMS 0x000000008b000000, 0x000000008b000000| Complete 
| 113|0x000000008b100000, 0x000000008b200000, 0x000000008b200000|100%| E|CS|TAMS 0x000000008b100000, 0x000000008b100000| Complete 
| 114|0x000000008b200000, 0x000000008b300000, 0x000000008b300000|100%| E|CS|TAMS 0x000000008b200000, 0x000000008b200000| Complete 
| 115|0x000000008b300000, 0x000000008b400000, 0x000000008b400000|100%| E|CS|TAMS 0x000000008b300000, 0x000000008b300000| Complete 
| 116|0x000000008b400000, 0x000000008b500000, 0x000000008b500000|100%| E|CS|TAMS 0x000000008b400000, 0x000000008b400000| Complete 
| 117|0x000000008b500000, 0x000000008b600000, 0x000000008b600000|100%| E|CS|TAMS 0x000000008b500000, 0x000000008b500000| Complete 
| 118|0x000000008b600000, 0x000000008b700000, 0x000000008b700000|100%| E|CS|TAMS 0x000000008b600000, 0x000000008b600000| Complete 
| 119|0x000000008b700000, 0x000000008b800000, 0x000000008b800000|100%| E|CS|TAMS 0x000000008b700000, 0x000000008b700000| Complete 
| 120|0x000000008b800000, 0x000000008b900000, 0x000000008b900000|100%| E|CS|TAMS 0x000000008b800000, 0x000000008b800000| Complete 
| 121|0x000000008b900000, 0x000000008ba00000, 0x000000008ba00000|100%| E|CS|TAMS 0x000000008b900000, 0x000000008b900000| Complete 
| 122|0x000000008ba00000, 0x000000008bb00000, 0x000000008bb00000|100%| E|CS|TAMS 0x000000008ba00000, 0x000000008ba00000| Complete 
| 123|0x000000008bb00000, 0x000000008bc00000, 0x000000008bc00000|100%| E|CS|TAMS 0x000000008bb00000, 0x000000008bb00000| Complete 

Card table byte_map: [0x000001c449d50000,0x000001c44a130000] _byte_map_base: 0x000001c449930000

Marking Bits (Prev, Next): (CMBitMap*) 0x000001c430f908c0, (CMBitMap*) 0x000001c430f90900
 Prev Bits: [0x000001c44a510000, 0x000001c44c410000)
 Next Bits: [0x000001c44c410000, 0x000001c44e310000)

Polling page: 0x000001c430de0000

Metaspace:

Usage:
  Non-class:     13.87 MB used.
      Class:      1.76 MB used.
       Both:     15.63 MB used.

Virtual space:
  Non-class space:       16.00 MB reserved,      14.00 MB ( 88%) committed,  2 nodes.
      Class space:        1.00 GB reserved,       1.81 MB ( <1%) committed,  1 nodes.
              Both:        1.02 GB reserved,      15.81 MB (  2%) committed. 

Chunk freelists:
   Non-Class:  1.67 MB
       Class:  2.19 MB
        Both:  3.86 MB

MaxMetaspaceSize: 17179869184.00 GB
CompressedClassSpaceSize: 1.00 GB
 - commit_granule_bytes: 65536.
 - commit_granule_words: 8192.
 - virtual_space_node_default_size: 1048576.
 - enlarge_chunks_in_place: 1.
 - new_chunks_are_fully_committed: 0.
 - uncommit_free_chunks: 1.
 - use_allocation_guard: 0.
 - handle_deallocations: 1.


Internal statistics:

num_allocs_failed_limit: 0.
num_arena_births: 100.
num_arena_deaths: 0.
num_vsnodes_births: 3.
num_vsnodes_deaths: 0.
num_space_committed: 253.
num_space_uncommitted: 0.
num_chunks_returned_to_freelist: 0.
num_chunks_taken_from_freelist: 512.
num_chunk_merges: 0.
num_chunk_splits: 407.
num_chunks_enlarged: 333.
num_purges: 0.

CodeHeap 'non-profiled nmethods': size=120000Kb used=491Kb max_used=491Kb free=119508Kb
 bounds [0x000001c4419d0000, 0x000001c441c40000, 0x000001c448f00000]
CodeHeap 'profiled nmethods': size=120000Kb used=2797Kb max_used=2797Kb free=117202Kb
 bounds [0x000001c43a4a0000, 0x000001c43a760000, 0x000001c4419d0000]
CodeHeap 'non-nmethods': size=5760Kb used=1267Kb max_used=1282Kb free=4492Kb
 bounds [0x000001c439f00000, 0x000001c43a170000, 0x000001c43a4a0000]
 total_blobs=2051 nmethods=1479 adapters=485
 compilation: enabled
              stopped_count=0, restarted_count=0
 full_count=0

Compilation events (20 events):
Event: 1.155 Thread 0x000001c450d435f0 nmethod 1476 0x000001c43a756210 code [0x000001c43a756460, 0x000001c43a756d48]
Event: 1.155 Thread 0x000001c450d435f0 1477       3       java.util.Arrays::asList (9 bytes)
Event: 1.155 Thread 0x000001c450d435f0 nmethod 1477 0x000001c43a757010 code [0x000001c43a7571e0, 0x000001c43a757668]
Event: 1.155 Thread 0x000001c450d435f0 1480       3       jdk.internal.org.objectweb.asm.SymbolTable::addUninitializedType (103 bytes)
Event: 1.156 Thread 0x000001c450d435f0 nmethod 1480 0x000001c43a757810 code [0x000001c43a757a20, 0x000001c43a757fd8]
Event: 1.156 Thread 0x000001c450d435f0 1478       3       java.util.Arrays$ArrayList::<init> (16 bytes)
Event: 1.156 Thread 0x000001c450d435f0 nmethod 1478 0x000001c43a758290 code [0x000001c43a758460, 0x000001c43a758848]
Event: 1.156 Thread 0x000001c450d435f0 1479       3       jdk.internal.org.objectweb.asm.Frame::addInitializedType (77 bytes)
Event: 1.156 Thread 0x000001c450d435f0 nmethod 1479 0x000001c43a758a10 code [0x000001c43a758be0, 0x000001c43a759128]
Event: 1.156 Thread 0x000001c450d435f0 1484       3       jdk.internal.org.objectweb.asm.MethodWriter::addSuccessorToCurrentBasicBlock (24 bytes)
Event: 1.156 Thread 0x000001c450d435f0 nmethod 1484 0x000001c43a759310 code [0x000001c43a7594c0, 0x000001c43a759818]
Event: 1.156 Thread 0x000001c450d435f0 1486       3       java.lang.reflect.ProxyGenerator::typeNames (61 bytes)
Event: 1.156 Thread 0x000001c450d435f0 nmethod 1486 0x000001c43a759990 code [0x000001c43a759bc0, 0x000001c43a75a568]
Event: 1.156 Thread 0x000001c450d435f0 1481       3       jdk.internal.org.objectweb.asm.SymbolTable::hash (12 bytes)
Event: 1.157 Thread 0x000001c450d435f0 nmethod 1481 0x000001c43a75a810 code [0x000001c43a75a9c0, 0x000001c43a75ab08]
Event: 1.157 Thread 0x000001c450d435f0 1485       3       java.lang.reflect.ProxyGenerator::getWordsPerType (18 bytes)
Event: 1.157 Thread 0x000001c450d435f0 nmethod 1485 0x000001c43a75ac10 code [0x000001c43a75adc0, 0x000001c43a75af58]
Event: 1.157 Thread 0x000001c450d435f0 1482       3       java.lang.reflect.ProxyGenerator$PrimitiveTypeInfo::get (13 bytes)
Event: 1.157 Thread 0x000001c450d435f0 nmethod 1482 0x000001c43a75b010 code [0x000001c43a75b1c0, 0x000001c43a75b488]
Event: 1.157 Thread 0x000001c450d435f0 1487       3       java.lang.reflect.ProxyGenerator$ProxyMethod::generateMethod (548 bytes)

GC Heap History (2 events):
Event: 0.743 GC heap before
{Heap before GC invocations=0 (full 0):
 garbage-first heap   total 126976K, used 23552K [0x0000000084000000, 0x0000000100000000)
  region size 1024K, 23 young (23552K), 0 survivors (0K)
 Metaspace       used 9862K, committed 10048K, reserved 1064960K
  class space    used 1103K, committed 1216K, reserved 1048576K
}
Event: 0.749 GC heap after
{Heap after GC invocations=1 (full 0):
 garbage-first heap   total 126976K, used 6065K [0x0000000084000000, 0x0000000100000000)
  region size 1024K, 3 young (3072K), 3 survivors (3072K)
 Metaspace       used 9862K, committed 10048K, reserved 1064960K
  class space    used 1103K, committed 1216K, reserved 1048576K
}

Deoptimization events (20 events):
Event: 0.647 Thread 0x000001c430f4e5e0 Uncommon trap: trap_request=0xffffffde fr.pc=0x000001c441a14238 relative=0x0000000000000118
Event: 0.647 Thread 0x000001c430f4e5e0 Uncommon trap: reason=class_check action=maybe_recompile pc=0x000001c441a14238 method=jdk.internal.misc.Unsafe.allocateUninitializedArray(Ljava/lang/Class;I)Ljava/lang/Object; @ 51 c2
Event: 0.647 Thread 0x000001c430f4e5e0 DEOPT PACKING pc=0x000001c441a14238 sp=0x00000057248fcb80
Event: 0.647 Thread 0x000001c430f4e5e0 DEOPT UNPACKING pc=0x000001c439f4f92e sp=0x00000057248fcb08 mode 2
Event: 0.647 Thread 0x000001c430f4e5e0 Uncommon trap: trap_request=0xffffffde fr.pc=0x000001c441a14238 relative=0x0000000000000118
Event: 0.647 Thread 0x000001c430f4e5e0 Uncommon trap: reason=class_check action=maybe_recompile pc=0x000001c441a14238 method=jdk.internal.misc.Unsafe.allocateUninitializedArray(Ljava/lang/Class;I)Ljava/lang/Object; @ 51 c2
Event: 0.647 Thread 0x000001c430f4e5e0 DEOPT PACKING pc=0x000001c441a14238 sp=0x00000057248fcbf0
Event: 0.647 Thread 0x000001c430f4e5e0 DEOPT UNPACKING pc=0x000001c439f4f92e sp=0x00000057248fcb78 mode 2
Event: 0.836 Thread 0x000001c430f4e5e0 Uncommon trap: trap_request=0xffffffde fr.pc=0x000001c441a23d08 relative=0x0000000000000e68
Event: 0.836 Thread 0x000001c430f4e5e0 Uncommon trap: reason=class_check action=maybe_recompile pc=0x000001c441a23d08 method=java.util.HashMap.putVal(ILjava/lang/Object;Ljava/lang/Object;ZZ)Ljava/lang/Object; @ 91 c2
Event: 0.836 Thread 0x000001c430f4e5e0 DEOPT PACKING pc=0x000001c441a23d08 sp=0x00000057248fe340
Event: 0.836 Thread 0x000001c430f4e5e0 DEOPT UNPACKING pc=0x000001c439f4f92e sp=0x00000057248fe288 mode 2
Event: 0.836 Thread 0x000001c430f4e5e0 Uncommon trap: trap_request=0xffffffde fr.pc=0x000001c441a23d08 relative=0x0000000000000e68
Event: 0.836 Thread 0x000001c430f4e5e0 Uncommon trap: reason=class_check action=maybe_recompile pc=0x000001c441a23d08 method=java.util.HashMap.putVal(ILjava/lang/Object;Ljava/lang/Object;ZZ)Ljava/lang/Object; @ 91 c2
Event: 0.836 Thread 0x000001c430f4e5e0 DEOPT PACKING pc=0x000001c441a23d08 sp=0x00000057248fe340
Event: 0.836 Thread 0x000001c430f4e5e0 DEOPT UNPACKING pc=0x000001c439f4f92e sp=0x00000057248fe288 mode 2
Event: 0.841 Thread 0x000001c430f4e5e0 DEOPT PACKING pc=0x000001c43a5dfb42 sp=0x00000057248fe160
Event: 0.841 Thread 0x000001c430f4e5e0 DEOPT UNPACKING pc=0x000001c439f4e77e sp=0x00000057248fd5b0 mode 0
Event: 0.848 Thread 0x000001c430f4e5e0 DEOPT PACKING pc=0x000001c43a4c9756 sp=0x00000057248fa620
Event: 0.848 Thread 0x000001c430f4e5e0 DEOPT UNPACKING pc=0x000001c439f4e77e sp=0x00000057248f9ac0 mode 0

Classes unloaded (0 events):
No events

Classes redefined (0 events):
No events

Internal exceptions (14 events):
Event: 0.132 Thread 0x000001c430f4e5e0 Exception <a 'java/lang/NoSuchMethodError'{0x000000008b881558}: 'void java.lang.invoke.DirectMethodHandle$Holder.invokeSpecial(java.lang.Object, java.lang.Object, java.lang.Object)'> (0x000000008b881558) 
thrown [t:\workspace\open\src\hotspot\share\interpreter\linkResolver.cpp, line 790]
Event: 0.140 Thread 0x000001c430f4e5e0 Exception <a 'java/lang/NoSuchMethodError'{0x000000008b8bc7c0}: 'java.lang.Object java.lang.invoke.DirectMethodHandle$Holder.invokeStatic(java.lang.Object, java.lang.Object, int)'> (0x000000008b8bc7c0) 
thrown [t:\workspace\open\src\hotspot\share\interpreter\linkResolver.cpp, line 790]
Event: 0.141 Thread 0x000001c430f4e5e0 Exception <a 'java/lang/NoSuchMethodError'{0x000000008b8c89e0}: 'void java.lang.invoke.DelegatingMethodHandle$Holder.delegate(java.lang.Object, java.lang.Object, int, java.lang.Object)'> (0x000000008b8c89e0) 
thrown [t:\workspace\open\src\hotspot\share\interpreter\linkResolver.cpp, line 790]
Event: 0.141 Thread 0x000001c430f4e5e0 Exception <a 'java/lang/NoSuchMethodError'{0x000000008b8ccd38}: 'int java.lang.invoke.DirectMethodHandle$Holder.invokeSpecial(java.lang.Object, java.lang.Object, java.lang.Object)'> (0x000000008b8ccd38) 
thrown [t:\workspace\open\src\hotspot\share\interpreter\linkResolver.cpp, line 790]
Event: 0.292 Thread 0x000001c430f4e5e0 Exception <a 'java/lang/NoSuchMethodError'{0x000000008b291528}: 'java.lang.Object java.lang.invoke.DirectMethodHandle$Holder.invokeStatic(java.lang.Object)'> (0x000000008b291528) 
thrown [t:\workspace\open\src\hotspot\share\interpreter\linkResolver.cpp, line 790]
Event: 0.312 Thread 0x000001c430f4e5e0 Exception <a 'java/lang/ClassNotFoundException'{0x000000008b2edf80}: com/sun/org/apache/xerces/internal/impl/msg/spi/SAXMessagesProvider> (0x000000008b2edf80) 
thrown [t:\workspace\open\src\hotspot\share\classfile\systemDictionary.cpp, line 256]
Event: 0.330 Thread 0x000001c430f4e5e0 Exception <a 'java/lang/NoSuchMethodError'{0x000000008b1694b8}: 'java.lang.Object java.lang.invoke.DirectMethodHandle$Holder.invokeStaticInit(java.lang.Object)'> (0x000000008b1694b8) 
thrown [t:\workspace\open\src\hotspot\share\interpreter\linkResolver.cpp, line 790]
Event: 0.340 Thread 0x000001c430f4e5e0 Exception <a 'java/lang/NoSuchMethodError'{0x000000008b17f8e0}: 'void java.lang.invoke.DirectMethodHandle$Holder.invokeStatic(java.lang.Object, java.lang.Object)'> (0x000000008b17f8e0) 
thrown [t:\workspace\open\src\hotspot\share\interpreter\linkResolver.cpp, line 790]
Event: 0.617 Thread 0x000001c430f4e5e0 Implicit null exception at 0x000001c441a0cfea to 0x000001c441a0d1b4
Event: 0.644 Thread 0x000001c430f4e5e0 Exception <a 'java/lang/NoSuchMethodError'{0x000000008a958c18}: 'java.lang.Object java.lang.invoke.DirectMethodHandle$Holder.invokeInterface(java.lang.Object, java.lang.Object)'> (0x000000008a958c18) 
thrown [t:\workspace\open\src\hotspot\share\interpreter\linkResolver.cpp, line 790]
Event: 0.867 Thread 0x000001c430f4e5e0 Exception <a 'java/lang/NoClassDefFoundError'{0x000000008b6b5760}: org/slf4j/impl/StaticLoggerBinder> (0x000000008b6b5760) 
thrown [t:\workspace\open\src\hotspot\share\classfile\systemDictionary.cpp, line 245]
Event: 0.923 Thread 0x000001c430f4e5e0 Exception <a 'java/lang/NoSuchMethodError'{0x000000008b248ee8}: 'java.lang.Object java.lang.invoke.DirectMethodHandle$Holder.invokeStaticInit(java.lang.Object, int, int, int, int)'> (0x000000008b248ee8) 
thrown [t:\workspace\open\src\hotspot\share\interpreter\linkResolver.cpp, line 790]
Event: 0.956 Thread 0x000001c430f4e5e0 Exception <a 'java/lang/NoSuchMethodError'{0x000000008b261c58}: 'java.lang.Object java.lang.invoke.DirectMethodHandle$Holder.invokeStaticInit(java.lang.Object, java.lang.Object, int, int, int, int)'> (0x000000008b261c58) 
thrown [t:\workspace\open\src\hotspot\share\interpreter\linkResolver.cpp, line 790]
Event: 1.024 Thread 0x000001c430f4e5e0 Exception <a 'java/lang/IncompatibleClassChangeError'{0x000000008aecc908}: Found class java.lang.Object, but interface was expected> (0x000000008aecc908) 
thrown [t:\workspace\open\src\hotspot\share\interpreter\linkResolver.cpp, line 857]

Events (20 events):
Event: 1.045 loading class javax/naming/event/NamespaceChangeListener
Event: 1.045 loading class javax/naming/event/NamingListener
Event: 1.045 loading class javax/naming/event/NamingListener done
Event: 1.045 loading class javax/naming/event/NamespaceChangeListener done
Event: 1.046 loading class javax/naming/InvalidNameException
Event: 1.046 loading class javax/naming/InvalidNameException done
Event: 1.046 loading class javax/naming/Context
Event: 1.046 loading class javax/naming/Context done
Event: 1.051 loading class java/util/NoSuchElementException
Event: 1.051 loading class java/util/NoSuchElementException done
Event: 1.052 loading class java/util/Collections$UnmodifiableMap$UnmodifiableEntrySet
Event: 1.052 loading class java/util/Collections$UnmodifiableMap$UnmodifiableEntrySet done
Event: 1.052 loading class java/util/Collections$UnmodifiableMap$UnmodifiableEntrySet$1
Event: 1.052 loading class java/util/Collections$UnmodifiableMap$UnmodifiableEntrySet$1 done
Event: 1.052 loading class java/util/Collections$UnmodifiableMap$UnmodifiableEntrySet$UnmodifiableEntry
Event: 1.052 loading class java/util/Collections$UnmodifiableMap$UnmodifiableEntrySet$UnmodifiableEntry done
Event: 1.105 loading class jdk/internal/reflect/UnsafeQualifiedStaticObjectFieldAccessorImpl
Event: 1.105 loading class jdk/internal/reflect/UnsafeQualifiedStaticFieldAccessorImpl
Event: 1.105 loading class jdk/internal/reflect/UnsafeQualifiedStaticFieldAccessorImpl done
Event: 1.105 loading class jdk/internal/reflect/UnsafeQualifiedStaticObjectFieldAccessorImpl done


Dynamic libraries:
0x00007ff6f4090000 - 0x00007ff6f40a0000 	C:\Program Files\Java\jdk-16.0.1\bin\javaw.exe
0x00007ff8634d0000 - 0x00007ff8636c5000 	C:\Windows\SYSTEM32\ntdll.dll
0x00007ff861940000 - 0x00007ff8619fd000 	C:\Windows\System32\KERNEL32.DLL
0x00007ff860c90000 - 0x00007ff860f59000 	C:\Windows\System32\KERNELBASE.dll
0x00007ff861430000 - 0x00007ff861530000 	C:\Windows\System32\ucrtbase.dll
0x00007ff85bb40000 - 0x00007ff85bb58000 	C:\Program Files\Java\jdk-16.0.1\bin\jli.dll
0x00007ff85b400000 - 0x00007ff85b419000 	C:\Program Files\Java\jdk-16.0.1\bin\VCRUNTIME140.dll
0x00007ff861530000 - 0x00007ff8615dc000 	C:\Windows\System32\ADVAPI32.dll
0x00007ff861690000 - 0x00007ff86172e000 	C:\Windows\System32\msvcrt.dll
0x00007ff863360000 - 0x00007ff8633fb000 	C:\Windows\System32\sechost.dll
0x00007ff862e20000 - 0x00007ff862f4a000 	C:\Windows\System32\RPCRT4.dll
0x00007ff861730000 - 0x00007ff8618d0000 	C:\Windows\System32\USER32.dll
0x00007ff861400000 - 0x00007ff861422000 	C:\Windows\System32\win32u.dll
0x00007ff84e590000 - 0x00007ff84e82a000 	C:\Windows\WinSxS\amd64_microsoft.windows.common-controls_6595b64144ccf1df_6.0.19041.1110_none_60b5254171f9507e\COMCTL32.dll
0x00007ff861d50000 - 0x00007ff861d7a000 	C:\Windows\System32\GDI32.dll
0x00007ff860f60000 - 0x00007ff86106b000 	C:\Windows\System32\gdi32full.dll
0x00007ff861310000 - 0x00007ff8613ad000 	C:\Windows\System32\msvcp_win.dll
0x00007ff859cd0000 - 0x00007ff859cda000 	C:\Windows\SYSTEM32\VERSION.dll
0x00007ff861d80000 - 0x00007ff861db0000 	C:\Windows\System32\IMM32.DLL
0x00007ff85dee0000 - 0x00007ff85deec000 	C:\Program Files\Java\jdk-16.0.1\bin\vcruntime140_1.dll
0x00007ff8508c0000 - 0x00007ff850951000 	C:\Program Files\Java\jdk-16.0.1\bin\msvcp140.dll
0x00007fffeff80000 - 0x00007ffff0b2b000 	C:\Program Files\Java\jdk-16.0.1\bin\server\jvm.dll
0x00007ff862f50000 - 0x00007ff862f58000 	C:\Windows\System32\PSAPI.DLL
0x00007ff84dbc0000 - 0x00007ff84dbe7000 	C:\Windows\SYSTEM32\WINMM.dll
0x00007ff85b3f0000 - 0x00007ff85b3f9000 	C:\Windows\SYSTEM32\WSOCK32.dll
0x00007ff8618d0000 - 0x00007ff86193b000 	C:\Windows\System32\WS2_32.dll
0x00007ff85f490000 - 0x00007ff85f4a2000 	C:\Windows\SYSTEM32\kernel.appcore.dll
0x00007ff85b3e0000 - 0x00007ff85b3ea000 	C:\Program Files\Java\jdk-16.0.1\bin\jimage.dll
0x00007ff85e8a0000 - 0x00007ff85ea84000 	C:\Windows\SYSTEM32\DBGHELP.DLL
0x00007ff859640000 - 0x00007ff85966c000 	C:\Windows\SYSTEM32\dbgcore.DLL
0x00007ff861070000 - 0x00007ff8610f3000 	C:\Windows\System32\bcryptPrimitives.dll
0x00007ff85b3b0000 - 0x00007ff85b3d5000 	C:\Program Files\Java\jdk-16.0.1\bin\java.dll
0x00007ff861db0000 - 0x00007ff8624ef000 	C:\Windows\System32\SHELL32.dll
0x00007ff85ecf0000 - 0x00007ff85f480000 	C:\Windows\SYSTEM32\windows.storage.dll
0x00007ff8624f0000 - 0x00007ff862845000 	C:\Windows\System32\combase.dll
0x00007ff860590000 - 0x00007ff8605bc000 	C:\Windows\SYSTEM32\Wldp.dll
0x00007ff8615e0000 - 0x00007ff86168e000 	C:\Windows\System32\SHCORE.dll
0x00007ff863080000 - 0x00007ff8630d5000 	C:\Windows\System32\shlwapi.dll
0x00007ff860b40000 - 0x00007ff860b5f000 	C:\Windows\SYSTEM32\profapi.dll
0x00007ff85b2d0000 - 0x00007ff85b2e0000 	C:\Program Files\Java\jdk-16.0.1\bin\verify.dll
0x00007ff85b390000 - 0x00007ff85b3a9000 	C:\Program Files\Java\jdk-16.0.1\bin\net.dll
0x00007ff856590000 - 0x00007ff856698000 	C:\Windows\SYSTEM32\WINHTTP.dll
0x00007ff8602f0000 - 0x00007ff86035a000 	C:\Windows\system32\mswsock.dll
0x00007ff85b300000 - 0x00007ff85b313000 	C:\Program Files\Java\jdk-16.0.1\bin\nio.dll
0x00007ff85b2e0000 - 0x00007ff85b2f8000 	C:\Program Files\Java\jdk-16.0.1\bin\zip.dll
0x00007ff860020000 - 0x00007ff8600ec000 	C:\Windows\SYSTEM32\DNSAPI.dll
0x00007ff85ffe0000 - 0x00007ff86001b000 	C:\Windows\SYSTEM32\IPHLPAPI.DLL
0x00007ff862e10000 - 0x00007ff862e18000 	C:\Windows\System32\NSI.dll
0x00007ff857710000 - 0x00007ff85771a000 	C:\Windows\System32\rasadhlp.dll
0x00007ff856050000 - 0x00007ff8560cf000 	C:\Windows\System32\fwpuclnt.dll
0x00007ff860c00000 - 0x00007ff860c27000 	C:\Windows\System32\bcrypt.dll
0x00007ff841450000 - 0x00007ff841467000 	C:\Windows\system32\napinsp.dll
0x00007ff841430000 - 0x00007ff84144b000 	C:\Windows\system32\pnrpnsp.dll
0x00007ff85bb60000 - 0x00007ff85bb75000 	C:\Windows\system32\wshbth.dll
0x00007ff859c40000 - 0x00007ff859c5d000 	C:\Windows\system32\NLAapi.dll
0x00007ff841410000 - 0x00007ff841422000 	C:\Windows\System32\winrnr.dll
0x00007ff8604e0000 - 0x00007ff8604f8000 	C:\Windows\SYSTEM32\CRYPTSP.dll
0x00007ff85fc70000 - 0x00007ff85fca4000 	C:\Windows\system32\rsaenh.dll
0x00007ff860ac0000 - 0x00007ff860aee000 	C:\Windows\SYSTEM32\USERENV.dll
0x00007ff860500000 - 0x00007ff86050c000 	C:\Windows\SYSTEM32\CRYPTBASE.dll
0x00007ff858740000 - 0x00007ff858757000 	C:\Windows\SYSTEM32\dhcpcsvc6.DLL
0x00007ff8586b0000 - 0x00007ff8586cd000 	C:\Windows\SYSTEM32\dhcpcsvc.DLL

dbghelp: loaded successfully - version: 4.0.5 - missing functions: none
symbol engine: initialized successfully - sym options: 0x614 - pdb path: .;C:\Program Files\Java\jdk-16.0.1\bin;C:\Windows\SYSTEM32;C:\Windows\WinSxS\amd64_microsoft.windows.common-controls_6595b64144ccf1df_6.0.19041.1110_none_60b5254171f9507e;C:\Program Files\Java\jdk-16.0.1\bin\server

VM Arguments:
jvm_args: -Dfile.encoding=UTF-8 -XX:+ShowCodeDetailsInExceptionMessages 
java_command: com.kasun.HibenateLevel1AndLevel2Cache.demo.App
java_class_path (initial): D:\New folder\MySamples\Java\Hibernate\002\HibenateLevel1AndLevel2Cache\target\classes;C:\Users\kasun\.m2\repository\mysql\mysql-connector-java\5.1.38\mysql-connector-java-5.1.38.jar;C:\Users\kasun\.m2\repository\org\hibernate\hibernate-core\4.1.6.Final\hibernate-core-4.1.6.Final.jar;C:\Users\kasun\.m2\repository\antlr\antlr\2.7.7\antlr-2.7.7.jar;C:\Users\kasun\.m2\repository\org\jboss\logging\jboss-logging\3.1.0.GA\jboss-logging-3.1.0.GA.jar;C:\Users\kasun\.m2\repository\org\jboss\spec\javax\transaction\jboss-transaction-api_1.1_spec\1.0.0.Final\jboss-transaction-api_1.1_spec-1.0.0.Final.jar;C:\Users\kasun\.m2\repository\dom4j\dom4j\1.6.1\dom4j-1.6.1.jar;C:\Users\kasun\.m2\repository\org\hibernate\javax\persistence\hibernate-jpa-2.0-api\1.0.1.Final\hibernate-jpa-2.0-api-1.0.1.Final.jar;C:\Users\kasun\.m2\repository\org\javassist\javassist\3.15.0-GA\javassist-3.15.0-GA.jar;C:\Users\kasun\.m2\repository\org\hibernate\common\hibernate-commons-annotations\4.0.1.Final\hibernate-commons-annotations-4.0.1.Final.jar;C:\Users\kasun\.m2\repository\net\sf\ehcache\ehcache\2.10.3\ehcache-2.10.3.jar;C:\Users\kasun\.m2\repository\org\slf4j\slf4j-api\1.7.7\slf4j-api-1.7.7.jar;C:\Users\kasun\.m2\repository\org\hibernate\hibernate-ehcache\4.1.6.Final\hibernate-ehcache-4.1.6.Final.jar;C:\Users\kasun\.m2\repository\net\sf\ehcache\ehcache-core\2.4.3\ehcache-core-2.4.3.jar
Launcher Type: SUN_STANDARD

[Global flags]
     intx CICompilerCount                          = 4                                         {product} {ergonomic}
     uint ConcGCThreads                            = 2                                         {product} {ergonomic}
     uint G1ConcRefinementThreads                  = 8                                         {product} {ergonomic}
   size_t G1HeapRegionSize                         = 1048576                                   {product} {ergonomic}
    uintx GCDrainStackTargetSize                   = 64                                        {product} {ergonomic}
   size_t InitialHeapSize                          = 130023424                                 {product} {ergonomic}
   size_t MarkStackSize                            = 4194304                                   {product} {ergonomic}
   size_t MaxHeapSize                              = 2080374784                                {product} {ergonomic}
   size_t MaxNewSize                               = 1247805440                                {product} {ergonomic}
   size_t MinHeapDeltaBytes                        = 1048576                                   {product} {ergonomic}
   size_t MinHeapSize                              = 8388608                                   {product} {ergonomic}
    uintx NonNMethodCodeHeapSize                   = 5839372                                {pd product} {ergonomic}
    uintx NonProfiledCodeHeapSize                  = 122909434                              {pd product} {ergonomic}
    uintx ProfiledCodeHeapSize                     = 122909434                              {pd product} {ergonomic}
    uintx ReservedCodeCacheSize                    = 251658240                              {pd product} {ergonomic}
     bool SegmentedCodeCache                       = true                                      {product} {ergonomic}
     bool ShowCodeDetailsInExceptionMessages       = true                                   {manageable} {command line}
   size_t SoftMaxHeapSize                          = 2080374784                             {manageable} {ergonomic}
     bool UseCompressedClassPointers               = true                           {product lp64_product} {ergonomic}
     bool UseCompressedOops                        = true                           {product lp64_product} {ergonomic}
     bool UseG1GC                                  = true                                      {product} {ergonomic}
     bool UseLargePagesIndividualAllocation        = false                                  {pd product} {ergonomic}

Logging:
Log output configuration:
 #0: stdout all=warning uptime,level,tags
 #1: stderr all=off uptime,level,tags

Environment Variables:
PATH=C:\Program Files\Common Files\Oracle\Java\javapath;C:\Windows\system32;C:\Windows;C:\Windows\System32\Wbem;C:\Windows\System32\WindowsPowerShell\v1.0\;C:\Windows\System32\OpenSSH\;C:\Program Files\PuTTY\;C:\Program Files\Git\cmd;C:\Program Files\nodejs\;C:\xampp\php;C:\ProgramData\ComposerSetup\bin;C:\ProgramData\chocolatey\bin;C:\Users\kasun\AppData\Local\Microsoft\WindowsApps;C:\Users\kasun\AppData\Roaming\npm;C:\Users\kasun\AppData\Local\atom\bin;C:\Users\kasun\AppData\Local\Programs\Microsoft VS Code\bin;C:\Users\kasun\AppData\Roaming\Composer\vendor\bin
USERNAME=kasun
OS=Windows_NT
PROCESSOR_IDENTIFIER=Intel64 Family 6 Model 126 Stepping 5, GenuineIntel



---------------  S Y S T E M  ---------------

OS:
 Windows 10 , 64 bit Build 19041 (10.0.19041.1151)
OS uptime: 0 days 22:47 hours

CPU: total 8 (initial active 8) (4 cores per cpu, 2 threads per core) family 6 model 126 stepping 5 microcode 0xa6, cx8, cmov, fxsr, ht, mmx, 3dnowpref, sse, sse2, sse3, ssse3, sse4.1, sse4.2, popcnt, lzcnt, tsc, tscinvbit, avx, avx2, aes, erms, clmul, bmi1, bmi2, adx, avx512f, avx512dq, avx512cd, avx512bw, avx512vl, sha, fma, vzeroupper, avx512_vpopcntdq, avx512_vpclmulqdq, avx512_vaes, avx512_vnni, clflush, clflushopt, avx512_vmbi2, avx512_vmbi

Memory: 4k page, system-wide physical 7934M (1819M free)
TotalPageFile size 10275M (AvailPageFile size 3M)
current process WorkingSet (physical memory assigned to process): 99M, peak: 99M
current process commit charge ("private bytes"): 238M, peak: 238M

vm_info: Java HotSpot(TM) 64-Bit Server VM (16.0.1+9-24) for windows-amd64 JRE (16.0.1+9-24), built on Mar 26 2021 19:31:42 by "mach5one" with MS VC++ 16.7 (VS2019)

END.
