#
# There is insufficient memory for the Java Runtime Environment to continue.
# Native memory allocation (mmap) failed to map 65536 bytes for Failed to commit metaspace.
# Possible reasons:
#   The system is out of physical RAM or swap space
#   The process is running with CompressedOops enabled, and the Java Heap may be blocking the growth of the native heap
# Possible solutions:
#   Reduce memory load on the system
#   Increase physical memory or swap space
#   Check if swap backing store is full
#   Decrease Java heap size (-Xmx/-Xms)
#   Decrease number of Java threads
#   Decrease Java thread stack sizes (-Xss)
#   Set larger code cache with -XX:ReservedCodeCacheSize=
#   JVM is running with Unscaled Compressed Oops mode in which the Java heap is
#     placed in the first 4GB address space. The Java Heap base address is the
#     maximum limit for the native heap growth. Please use -XX:HeapBaseMinAddress
#     to set the Java Heap base and to place the Java Heap above 4GB virtual address.
# This output file may be truncated or incomplete.
#
#  Out of Memory Error (virtualSpaceNode.cpp:108), pid=15564, tid=19940
#
# JRE version: Java(TM) SE Runtime Environment (16.0.1+9) (build 16.0.1+9-24)
# Java VM: Java HotSpot(TM) 64-Bit Server VM (16.0.1+9-24, mixed mode, sharing, tiered, compressed oops, compressed class ptrs, g1 gc, windows-amd64)
# No core dump will be written. Minidumps are not enabled by default on client versions of Windows
#

---------------  S U M M A R Y ------------

Command Line: -Dfile.encoding=UTF-8 -XX:+ShowCodeDetailsInExceptionMessages com.kasun.HibenateLevel1AndLevel2Cache.demo.QueryDemo

Host: Intel(R) Core(TM) i5-1035G1 CPU @ 1.00GHz, 8 cores, 7G,  Windows 10 , 64 bit Build 19041 (10.0.19041.1151)
Time: Mon Sep 20 21:13:32 2021 Sri Lanka Standard Time elapsed time: 0.262997 seconds (0d 0h 0m 0s)

---------------  T H R E A D  ---------------

Current thread (0x00000179a98d9630):  JavaThread "main" [_thread_in_vm, id=19940, stack(0x000000263a700000,0x000000263a800000)]

Stack: [0x000000263a700000,0x000000263a800000]
Native frames: (J=compiled Java code, j=interpreted, Vv=VM code, C=native code)
V  [jvm.dll+0x6687ca]
V  [jvm.dll+0x7ca3c9]
V  [jvm.dll+0x7cbb53]
V  [jvm.dll+0x7cc1b3]
V  [jvm.dll+0x242ea5]
V  [jvm.dll+0x7c6a4b]
V  [jvm.dll+0x60e436]
V  [jvm.dll+0x60e49a]
V  [jvm.dll+0x610aca]
V  [jvm.dll+0x60ed31]
V  [jvm.dll+0x24090c]
V  [jvm.dll+0x6bf62d]
V  [jvm.dll+0x6c004f]
V  [jvm.dll+0x367673]
V  [jvm.dll+0x3668a2]
V  [jvm.dll+0x366848]
V  [jvm.dll+0x375bad]
C  0x00000179b107c411

Java frames: (J=compiled Java code, j=interpreted, Vv=VM code)
j  com.sun.org.apache.xerces.internal.jaxp.SAXParserFactoryImpl.newSAXParser()Ljavax/xml/parsers/SAXParser;+0 java.xml@16.0.1
j  org.dom4j.io.JAXPHelper.createXMLReader(ZZ)Lorg/xml/sax/XMLReader;+15
j  org.dom4j.io.SAXHelper.createXMLReaderViaJAXP(ZZ)Lorg/xml/sax/XMLReader;+2
j  org.dom4j.io.SAXHelper.createXMLReader(Z)Lorg/xml/sax/XMLReader;+8
j  org.dom4j.io.SAXReader.createXMLReader()Lorg/xml/sax/XMLReader;+4
j  org.dom4j.io.SAXReader.getXMLReader()Lorg/xml/sax/XMLReader;+9
j  org.dom4j.io.SAXReader.read(Lorg/xml/sax/InputSource;)Lorg/dom4j/Document;+1
j  org.hibernate.cfg.Configuration.doConfigure(Ljava/io/InputStream;Ljava/lang/String;)Lorg/hibernate/cfg/Configuration;+29
j  org.hibernate.cfg.Configuration.configure(Ljava/lang/String;)Lorg/hibernate/cfg/Configuration;+18
j  com.kasun.HibenateLevel1AndLevel2Cache.demo.QueryDemo.main([Ljava/lang/String;)V+11
v  ~StubRoutines::call_stub

---------------  P R O C E S S  ---------------

Threads class SMR info:
_java_thread_list=0x00000179c82b7120, length=13, elements={
0x00000179a98d9630, 0x00000179c76fcd90, 0x00000179c76fde40, 0x00000179c770d960,
0x00000179c770e270, 0x00000179c7712340, 0x00000179c7719b60, 0x00000179c771c010,
0x00000179c771d1b0, 0x00000179c7733ec0, 0x00000179c7717630, 0x00000179c77180d0,
0x00000179c823a940
}

Java Threads: ( => current thread )
=>0x00000179a98d9630 JavaThread "main" [_thread_in_vm, id=19940, stack(0x000000263a700000,0x000000263a800000)]
  0x00000179c76fcd90 JavaThread "Reference Handler" daemon [_thread_blocked, id=20364, stack(0x000000263ae00000,0x000000263af00000)]
  0x00000179c76fde40 JavaThread "Finalizer" daemon [_thread_blocked, id=19700, stack(0x000000263af00000,0x000000263b000000)]
  0x00000179c770d960 JavaThread "Signal Dispatcher" daemon [_thread_blocked, id=15856, stack(0x000000263b000000,0x000000263b100000)]
  0x00000179c770e270 JavaThread "Attach Listener" daemon [_thread_blocked, id=16724, stack(0x000000263b100000,0x000000263b200000)]
  0x00000179c7712340 JavaThread "Service Thread" daemon [_thread_blocked, id=13272, stack(0x000000263b200000,0x000000263b300000)]
  0x00000179c7719b60 JavaThread "Monitor Deflation Thread" daemon [_thread_blocked, id=20064, stack(0x000000263b300000,0x000000263b400000)]
  0x00000179c771c010 JavaThread "C2 CompilerThread0" daemon [_thread_blocked, id=4904, stack(0x000000263b400000,0x000000263b500000)]
  0x00000179c771d1b0 JavaThread "C1 CompilerThread0" daemon [_thread_blocked, id=20100, stack(0x000000263b500000,0x000000263b600000)]
  0x00000179c7733ec0 JavaThread "Sweeper thread" daemon [_thread_blocked, id=892, stack(0x000000263b600000,0x000000263b700000)]
  0x00000179c7717630 JavaThread "Notification Thread" daemon [_thread_blocked, id=12256, stack(0x000000263b700000,0x000000263b800000)]
  0x00000179c77180d0 JavaThread "Common-Cleaner" daemon [_thread_blocked, id=15748, stack(0x000000263b900000,0x000000263ba00000)]
  0x00000179c823a940 JavaThread "C2 CompilerThread1" daemon [_thread_blocked, id=14140, stack(0x000000263ba00000,0x000000263bb00000)]

Other Threads:
  0x00000179c76f68e0 VMThread "VM Thread" [stack: 0x000000263ad00000,0x000000263ae00000] [id=5248]
  0x00000179c81a3be0 WatcherThread [stack: 0x000000263b800000,0x000000263b900000] [id=7392]
  0x00000179a99190d0 GCTaskThread "GC Thread#0" [stack: 0x000000263a800000,0x000000263a900000] [id=2728]
  0x00000179a992c460 ConcurrentGCThread "G1 Main Marker" [stack: 0x000000263a900000,0x000000263aa00000] [id=16948]
  0x00000179a992cde0 ConcurrentGCThread "G1 Conc#0" [stack: 0x000000263aa00000,0x000000263ab00000] [id=4628]
  0x00000179a99a7280 ConcurrentGCThread "G1 Refine#0" [stack: 0x000000263ab00000,0x000000263ac00000] [id=15888]
  0x00000179a99a7c10 ConcurrentGCThread "G1 Service" [stack: 0x000000263ac00000,0x000000263ad00000] [id=16280]

Threads with active compile tasks:

VM state: not at safepoint (normal execution)

VM Mutex/Monitor currently owned by a thread:  ([mutex/lock_event])
[0x00000179a98d50f0] MetaspaceExpand_lock - owner thread: 0x00000179a98d9630

Heap address: 0x0000000084000000, size: 1984 MB, Compressed Oops mode: 32-bit

CDS archive(s) mapped at: [0x0000000800000000-0x0000000800bb0000-0x0000000800bb0000), size 12255232, SharedBaseAddress: 0x0000000800000000, ArchiveRelocationMode: 0.
Compressed class space mapped at: 0x0000000800c00000-0x0000000840c00000, reserved size: 1073741824
Narrow klass base: 0x0000000800000000, Narrow klass shift: 3, Narrow klass range: 0x100000000

GC Precious Log:
 CPUs: 8 total, 8 available
 Memory: 7934M
 Large Page Support: Disabled
 NUMA Support: Disabled
 Compressed Oops: Enabled (32-bit)
 Heap Region Size: 1M
 Heap Min Capacity: 8M
 Heap Initial Capacity: 124M
 Heap Max Capacity: 1984M
 Pre-touch: Disabled
 Parallel Workers: 8
 Concurrent Workers: 2
 Concurrent Refinement Workers: 8
 Periodic GC: Disabled

Heap:
 garbage-first heap   total 126976K, used 10240K [0x0000000084000000, 0x0000000100000000)
  region size 1024K, 10 young (10240K), 0 survivors (0K)
 Metaspace       used 3204K, committed 3392K, reserved 1056768K
  class space    used 347K, committed 448K, reserved 1048576K

Heap Regions: E=young(eden), S=young(survivor), O=old, HS=humongous(starts), HC=humongous(continues), CS=collection set, F=free, OA=open archive, CA=closed archive, TAMS=top-at-mark-start (previous, next)
|   0|0x0000000084000000, 0x0000000084100000, 0x0000000084100000|100%|HS|  |TAMS 0x0000000084000000, 0x0000000084000000| Complete 
|   1|0x0000000084100000, 0x0000000084100000, 0x0000000084200000|  0%| F|  |TAMS 0x0000000084100000, 0x0000000084100000| Untracked 
|   2|0x0000000084200000, 0x0000000084200000, 0x0000000084300000|  0%| F|  |TAMS 0x0000000084200000, 0x0000000084200000| Untracked 
|   3|0x0000000084300000, 0x0000000084300000, 0x0000000084400000|  0%| F|  |TAMS 0x0000000084300000, 0x0000000084300000| Untracked 
|   4|0x0000000084400000, 0x0000000084400000, 0x0000000084500000|  0%| F|  |TAMS 0x0000000084400000, 0x0000000084400000| Untracked 
|   5|0x0000000084500000, 0x0000000084500000, 0x0000000084600000|  0%| F|  |TAMS 0x0000000084500000, 0x0000000084500000| Untracked 
|   6|0x0000000084600000, 0x0000000084600000, 0x0000000084700000|  0%| F|  |TAMS 0x0000000084600000, 0x0000000084600000| Untracked 
|   7|0x0000000084700000, 0x0000000084700000, 0x0000000084800000|  0%| F|  |TAMS 0x0000000084700000, 0x0000000084700000| Untracked 
|   8|0x0000000084800000, 0x0000000084800000, 0x0000000084900000|  0%| F|  |TAMS 0x0000000084800000, 0x0000000084800000| Untracked 
|   9|0x0000000084900000, 0x0000000084900000, 0x0000000084a00000|  0%| F|  |TAMS 0x0000000084900000, 0x0000000084900000| Untracked 
|  10|0x0000000084a00000, 0x0000000084a00000, 0x0000000084b00000|  0%| F|  |TAMS 0x0000000084a00000, 0x0000000084a00000| Untracked 
|  11|0x0000000084b00000, 0x0000000084b00000, 0x0000000084c00000|  0%| F|  |TAMS 0x0000000084b00000, 0x0000000084b00000| Untracked 
|  12|0x0000000084c00000, 0x0000000084c00000, 0x0000000084d00000|  0%| F|  |TAMS 0x0000000084c00000, 0x0000000084c00000| Untracked 
|  13|0x0000000084d00000, 0x0000000084d00000, 0x0000000084e00000|  0%| F|  |TAMS 0x0000000084d00000, 0x0000000084d00000| Untracked 
|  14|0x0000000084e00000, 0x0000000084e00000, 0x0000000084f00000|  0%| F|  |TAMS 0x0000000084e00000, 0x0000000084e00000| Untracked 
|  15|0x0000000084f00000, 0x0000000084f00000, 0x0000000085000000|  0%| F|  |TAMS 0x0000000084f00000, 0x0000000084f00000| Untracked 
|  16|0x0000000085000000, 0x0000000085000000, 0x0000000085100000|  0%| F|  |TAMS 0x0000000085000000, 0x0000000085000000| Untracked 
|  17|0x0000000085100000, 0x0000000085100000, 0x0000000085200000|  0%| F|  |TAMS 0x0000000085100000, 0x0000000085100000| Untracked 
|  18|0x0000000085200000, 0x0000000085200000, 0x0000000085300000|  0%| F|  |TAMS 0x0000000085200000, 0x0000000085200000| Untracked 
|  19|0x0000000085300000, 0x0000000085300000, 0x0000000085400000|  0%| F|  |TAMS 0x0000000085300000, 0x0000000085300000| Untracked 
|  20|0x0000000085400000, 0x0000000085400000, 0x0000000085500000|  0%| F|  |TAMS 0x0000000085400000, 0x0000000085400000| Untracked 
|  21|0x0000000085500000, 0x0000000085500000, 0x0000000085600000|  0%| F|  |TAMS 0x0000000085500000, 0x0000000085500000| Untracked 
|  22|0x0000000085600000, 0x0000000085600000, 0x0000000085700000|  0%| F|  |TAMS 0x0000000085600000, 0x0000000085600000| Untracked 
|  23|0x0000000085700000, 0x0000000085700000, 0x0000000085800000|  0%| F|  |TAMS 0x0000000085700000, 0x0000000085700000| Untracked 
|  24|0x0000000085800000, 0x0000000085800000, 0x0000000085900000|  0%| F|  |TAMS 0x0000000085800000, 0x0000000085800000| Untracked 
|  25|0x0000000085900000, 0x0000000085900000, 0x0000000085a00000|  0%| F|  |TAMS 0x0000000085900000, 0x0000000085900000| Untracked 
|  26|0x0000000085a00000, 0x0000000085a00000, 0x0000000085b00000|  0%| F|  |TAMS 0x0000000085a00000, 0x0000000085a00000| Untracked 
|  27|0x0000000085b00000, 0x0000000085b00000, 0x0000000085c00000|  0%| F|  |TAMS 0x0000000085b00000, 0x0000000085b00000| Untracked 
|  28|0x0000000085c00000, 0x0000000085c00000, 0x0000000085d00000|  0%| F|  |TAMS 0x0000000085c00000, 0x0000000085c00000| Untracked 
|  29|0x0000000085d00000, 0x0000000085d00000, 0x0000000085e00000|  0%| F|  |TAMS 0x0000000085d00000, 0x0000000085d00000| Untracked 
|  30|0x0000000085e00000, 0x0000000085e00000, 0x0000000085f00000|  0%| F|  |TAMS 0x0000000085e00000, 0x0000000085e00000| Untracked 
|  31|0x0000000085f00000, 0x0000000085f00000, 0x0000000086000000|  0%| F|  |TAMS 0x0000000085f00000, 0x0000000085f00000| Untracked 
|  32|0x0000000086000000, 0x0000000086000000, 0x0000000086100000|  0%| F|  |TAMS 0x0000000086000000, 0x0000000086000000| Untracked 
|  33|0x0000000086100000, 0x0000000086100000, 0x0000000086200000|  0%| F|  |TAMS 0x0000000086100000, 0x0000000086100000| Untracked 
|  34|0x0000000086200000, 0x0000000086200000, 0x0000000086300000|  0%| F|  |TAMS 0x0000000086200000, 0x0000000086200000| Untracked 
|  35|0x0000000086300000, 0x0000000086300000, 0x0000000086400000|  0%| F|  |TAMS 0x0000000086300000, 0x0000000086300000| Untracked 
|  36|0x0000000086400000, 0x0000000086400000, 0x0000000086500000|  0%| F|  |TAMS 0x0000000086400000, 0x0000000086400000| Untracked 
|  37|0x0000000086500000, 0x0000000086500000, 0x0000000086600000|  0%| F|  |TAMS 0x0000000086500000, 0x0000000086500000| Untracked 
|  38|0x0000000086600000, 0x0000000086600000, 0x0000000086700000|  0%| F|  |TAMS 0x0000000086600000, 0x0000000086600000| Untracked 
|  39|0x0000000086700000, 0x0000000086700000, 0x0000000086800000|  0%| F|  |TAMS 0x0000000086700000, 0x0000000086700000| Untracked 
|  40|0x0000000086800000, 0x0000000086800000, 0x0000000086900000|  0%| F|  |TAMS 0x0000000086800000, 0x0000000086800000| Untracked 
|  41|0x0000000086900000, 0x0000000086900000, 0x0000000086a00000|  0%| F|  |TAMS 0x0000000086900000, 0x0000000086900000| Untracked 
|  42|0x0000000086a00000, 0x0000000086a00000, 0x0000000086b00000|  0%| F|  |TAMS 0x0000000086a00000, 0x0000000086a00000| Untracked 
|  43|0x0000000086b00000, 0x0000000086b00000, 0x0000000086c00000|  0%| F|  |TAMS 0x0000000086b00000, 0x0000000086b00000| Untracked 
|  44|0x0000000086c00000, 0x0000000086c00000, 0x0000000086d00000|  0%| F|  |TAMS 0x0000000086c00000, 0x0000000086c00000| Untracked 
|  45|0x0000000086d00000, 0x0000000086d00000, 0x0000000086e00000|  0%| F|  |TAMS 0x0000000086d00000, 0x0000000086d00000| Untracked 
|  46|0x0000000086e00000, 0x0000000086e00000, 0x0000000086f00000|  0%| F|  |TAMS 0x0000000086e00000, 0x0000000086e00000| Untracked 
|  47|0x0000000086f00000, 0x0000000086f00000, 0x0000000087000000|  0%| F|  |TAMS 0x0000000086f00000, 0x0000000086f00000| Untracked 
|  48|0x0000000087000000, 0x0000000087000000, 0x0000000087100000|  0%| F|  |TAMS 0x0000000087000000, 0x0000000087000000| Untracked 
|  49|0x0000000087100000, 0x0000000087100000, 0x0000000087200000|  0%| F|  |TAMS 0x0000000087100000, 0x0000000087100000| Untracked 
|  50|0x0000000087200000, 0x0000000087200000, 0x0000000087300000|  0%| F|  |TAMS 0x0000000087200000, 0x0000000087200000| Untracked 
|  51|0x0000000087300000, 0x0000000087300000, 0x0000000087400000|  0%| F|  |TAMS 0x0000000087300000, 0x0000000087300000| Untracked 
|  52|0x0000000087400000, 0x0000000087400000, 0x0000000087500000|  0%| F|  |TAMS 0x0000000087400000, 0x0000000087400000| Untracked 
|  53|0x0000000087500000, 0x0000000087500000, 0x0000000087600000|  0%| F|  |TAMS 0x0000000087500000, 0x0000000087500000| Untracked 
|  54|0x0000000087600000, 0x0000000087600000, 0x0000000087700000|  0%| F|  |TAMS 0x0000000087600000, 0x0000000087600000| Untracked 
|  55|0x0000000087700000, 0x0000000087700000, 0x0000000087800000|  0%| F|  |TAMS 0x0000000087700000, 0x0000000087700000| Untracked 
|  56|0x0000000087800000, 0x0000000087800000, 0x0000000087900000|  0%| F|  |TAMS 0x0000000087800000, 0x0000000087800000| Untracked 
|  57|0x0000000087900000, 0x0000000087900000, 0x0000000087a00000|  0%| F|  |TAMS 0x0000000087900000, 0x0000000087900000| Untracked 
|  58|0x0000000087a00000, 0x0000000087a00000, 0x0000000087b00000|  0%| F|  |TAMS 0x0000000087a00000, 0x0000000087a00000| Untracked 
|  59|0x0000000087b00000, 0x0000000087b00000, 0x0000000087c00000|  0%| F|  |TAMS 0x0000000087b00000, 0x0000000087b00000| Untracked 
|  60|0x0000000087c00000, 0x0000000087c00000, 0x0000000087d00000|  0%| F|  |TAMS 0x0000000087c00000, 0x0000000087c00000| Untracked 
|  61|0x0000000087d00000, 0x0000000087d00000, 0x0000000087e00000|  0%| F|  |TAMS 0x0000000087d00000, 0x0000000087d00000| Untracked 
|  62|0x0000000087e00000, 0x0000000087e00000, 0x0000000087f00000|  0%| F|  |TAMS 0x0000000087e00000, 0x0000000087e00000| Untracked 
|  63|0x0000000087f00000, 0x0000000087f00000, 0x0000000088000000|  0%| F|  |TAMS 0x0000000087f00000, 0x0000000087f00000| Untracked 
|  64|0x0000000088000000, 0x0000000088000000, 0x0000000088100000|  0%| F|  |TAMS 0x0000000088000000, 0x0000000088000000| Untracked 
|  65|0x0000000088100000, 0x0000000088100000, 0x0000000088200000|  0%| F|  |TAMS 0x0000000088100000, 0x0000000088100000| Untracked 
|  66|0x0000000088200000, 0x0000000088200000, 0x0000000088300000|  0%| F|  |TAMS 0x0000000088200000, 0x0000000088200000| Untracked 
|  67|0x0000000088300000, 0x0000000088300000, 0x0000000088400000|  0%| F|  |TAMS 0x0000000088300000, 0x0000000088300000| Untracked 
|  68|0x0000000088400000, 0x0000000088400000, 0x0000000088500000|  0%| F|  |TAMS 0x0000000088400000, 0x0000000088400000| Untracked 
|  69|0x0000000088500000, 0x0000000088500000, 0x0000000088600000|  0%| F|  |TAMS 0x0000000088500000, 0x0000000088500000| Untracked 
|  70|0x0000000088600000, 0x0000000088600000, 0x0000000088700000|  0%| F|  |TAMS 0x0000000088600000, 0x0000000088600000| Untracked 
|  71|0x0000000088700000, 0x0000000088700000, 0x0000000088800000|  0%| F|  |TAMS 0x0000000088700000, 0x0000000088700000| Untracked 
|  72|0x0000000088800000, 0x0000000088800000, 0x0000000088900000|  0%| F|  |TAMS 0x0000000088800000, 0x0000000088800000| Untracked 
|  73|0x0000000088900000, 0x0000000088900000, 0x0000000088a00000|  0%| F|  |TAMS 0x0000000088900000, 0x0000000088900000| Untracked 
|  74|0x0000000088a00000, 0x0000000088a00000, 0x0000000088b00000|  0%| F|  |TAMS 0x0000000088a00000, 0x0000000088a00000| Untracked 
|  75|0x0000000088b00000, 0x0000000088b00000, 0x0000000088c00000|  0%| F|  |TAMS 0x0000000088b00000, 0x0000000088b00000| Untracked 
|  76|0x0000000088c00000, 0x0000000088c00000, 0x0000000088d00000|  0%| F|  |TAMS 0x0000000088c00000, 0x0000000088c00000| Untracked 
|  77|0x0000000088d00000, 0x0000000088d00000, 0x0000000088e00000|  0%| F|  |TAMS 0x0000000088d00000, 0x0000000088d00000| Untracked 
|  78|0x0000000088e00000, 0x0000000088e00000, 0x0000000088f00000|  0%| F|  |TAMS 0x0000000088e00000, 0x0000000088e00000| Untracked 
|  79|0x0000000088f00000, 0x0000000088f00000, 0x0000000089000000|  0%| F|  |TAMS 0x0000000088f00000, 0x0000000088f00000| Untracked 
|  80|0x0000000089000000, 0x0000000089000000, 0x0000000089100000|  0%| F|  |TAMS 0x0000000089000000, 0x0000000089000000| Untracked 
|  81|0x0000000089100000, 0x0000000089100000, 0x0000000089200000|  0%| F|  |TAMS 0x0000000089100000, 0x0000000089100000| Untracked 
|  82|0x0000000089200000, 0x0000000089200000, 0x0000000089300000|  0%| F|  |TAMS 0x0000000089200000, 0x0000000089200000| Untracked 
|  83|0x0000000089300000, 0x0000000089300000, 0x0000000089400000|  0%| F|  |TAMS 0x0000000089300000, 0x0000000089300000| Untracked 
|  84|0x0000000089400000, 0x0000000089400000, 0x0000000089500000|  0%| F|  |TAMS 0x0000000089400000, 0x0000000089400000| Untracked 
|  85|0x0000000089500000, 0x0000000089500000, 0x0000000089600000|  0%| F|  |TAMS 0x0000000089500000, 0x0000000089500000| Untracked 
|  86|0x0000000089600000, 0x0000000089600000, 0x0000000089700000|  0%| F|  |TAMS 0x0000000089600000, 0x0000000089600000| Untracked 
|  87|0x0000000089700000, 0x0000000089700000, 0x0000000089800000|  0%| F|  |TAMS 0x0000000089700000, 0x0000000089700000| Untracked 
|  88|0x0000000089800000, 0x0000000089800000, 0x0000000089900000|  0%| F|  |TAMS 0x0000000089800000, 0x0000000089800000| Untracked 
|  89|0x0000000089900000, 0x0000000089900000, 0x0000000089a00000|  0%| F|  |TAMS 0x0000000089900000, 0x0000000089900000| Untracked 
|  90|0x0000000089a00000, 0x0000000089a00000, 0x0000000089b00000|  0%| F|  |TAMS 0x0000000089a00000, 0x0000000089a00000| Untracked 
|  91|0x0000000089b00000, 0x0000000089b00000, 0x0000000089c00000|  0%| F|  |TAMS 0x0000000089b00000, 0x0000000089b00000| Untracked 
|  92|0x0000000089c00000, 0x0000000089c00000, 0x0000000089d00000|  0%| F|  |TAMS 0x0000000089c00000, 0x0000000089c00000| Untracked 
|  93|0x0000000089d00000, 0x0000000089d00000, 0x0000000089e00000|  0%| F|  |TAMS 0x0000000089d00000, 0x0000000089d00000| Untracked 
|  94|0x0000000089e00000, 0x0000000089e00000, 0x0000000089f00000|  0%| F|  |TAMS 0x0000000089e00000, 0x0000000089e00000| Untracked 
|  95|0x0000000089f00000, 0x0000000089f00000, 0x000000008a000000|  0%| F|  |TAMS 0x0000000089f00000, 0x0000000089f00000| Untracked 
|  96|0x000000008a000000, 0x000000008a000000, 0x000000008a100000|  0%| F|  |TAMS 0x000000008a000000, 0x000000008a000000| Untracked 
|  97|0x000000008a100000, 0x000000008a100000, 0x000000008a200000|  0%| F|  |TAMS 0x000000008a100000, 0x000000008a100000| Untracked 
|  98|0x000000008a200000, 0x000000008a200000, 0x000000008a300000|  0%| F|  |TAMS 0x000000008a200000, 0x000000008a200000| Untracked 
|  99|0x000000008a300000, 0x000000008a300000, 0x000000008a400000|  0%| F|  |TAMS 0x000000008a300000, 0x000000008a300000| Untracked 
| 100|0x000000008a400000, 0x000000008a400000, 0x000000008a500000|  0%| F|  |TAMS 0x000000008a400000, 0x000000008a400000| Untracked 
| 101|0x000000008a500000, 0x000000008a500000, 0x000000008a600000|  0%| F|  |TAMS 0x000000008a500000, 0x000000008a500000| Untracked 
| 102|0x000000008a600000, 0x000000008a600000, 0x000000008a700000|  0%| F|  |TAMS 0x000000008a600000, 0x000000008a600000| Untracked 
| 103|0x000000008a700000, 0x000000008a700000, 0x000000008a800000|  0%| F|  |TAMS 0x000000008a700000, 0x000000008a700000| Untracked 
| 104|0x000000008a800000, 0x000000008a800000, 0x000000008a900000|  0%| F|  |TAMS 0x000000008a800000, 0x000000008a800000| Untracked 
| 105|0x000000008a900000, 0x000000008a900000, 0x000000008aa00000|  0%| F|  |TAMS 0x000000008a900000, 0x000000008a900000| Untracked 
| 106|0x000000008aa00000, 0x000000008aa00000, 0x000000008ab00000|  0%| F|  |TAMS 0x000000008aa00000, 0x000000008aa00000| Untracked 
| 107|0x000000008ab00000, 0x000000008ab00000, 0x000000008ac00000|  0%| F|  |TAMS 0x000000008ab00000, 0x000000008ab00000| Untracked 
| 108|0x000000008ac00000, 0x000000008ac00000, 0x000000008ad00000|  0%| F|  |TAMS 0x000000008ac00000, 0x000000008ac00000| Untracked 
| 109|0x000000008ad00000, 0x000000008ad00000, 0x000000008ae00000|  0%| F|  |TAMS 0x000000008ad00000, 0x000000008ad00000| Untracked 
| 110|0x000000008ae00000, 0x000000008ae00000, 0x000000008af00000|  0%| F|  |TAMS 0x000000008ae00000, 0x000000008ae00000| Untracked 
| 111|0x000000008af00000, 0x000000008af00000, 0x000000008b000000|  0%| F|  |TAMS 0x000000008af00000, 0x000000008af00000| Untracked 
| 112|0x000000008b000000, 0x000000008b000000, 0x000000008b100000|  0%| F|  |TAMS 0x000000008b000000, 0x000000008b000000| Untracked 
| 113|0x000000008b100000, 0x000000008b100000, 0x000000008b200000|  0%| F|  |TAMS 0x000000008b100000, 0x000000008b100000| Untracked 
| 114|0x000000008b200000, 0x000000008b2ec138, 0x000000008b300000| 92%| E|  |TAMS 0x000000008b200000, 0x000000008b200000| Complete 
| 115|0x000000008b300000, 0x000000008b400000, 0x000000008b400000|100%| E|CS|TAMS 0x000000008b300000, 0x000000008b300000| Complete 
| 116|0x000000008b400000, 0x000000008b500000, 0x000000008b500000|100%| E|CS|TAMS 0x000000008b400000, 0x000000008b400000| Complete 
| 117|0x000000008b500000, 0x000000008b600000, 0x000000008b600000|100%| E|CS|TAMS 0x000000008b500000, 0x000000008b500000| Complete 
| 118|0x000000008b600000, 0x000000008b700000, 0x000000008b700000|100%| E|CS|TAMS 0x000000008b600000, 0x000000008b600000| Complete 
| 119|0x000000008b700000, 0x000000008b800000, 0x000000008b800000|100%| E|CS|TAMS 0x000000008b700000, 0x000000008b700000| Complete 
| 120|0x000000008b800000, 0x000000008b900000, 0x000000008b900000|100%| E|CS|TAMS 0x000000008b800000, 0x000000008b800000| Complete 
| 121|0x000000008b900000, 0x000000008ba00000, 0x000000008ba00000|100%| E|CS|TAMS 0x000000008b900000, 0x000000008b900000| Complete 
| 122|0x000000008ba00000, 0x000000008bb00000, 0x000000008bb00000|100%| E|CS|TAMS 0x000000008ba00000, 0x000000008ba00000| Complete 
| 123|0x000000008bb00000, 0x000000008bc00000, 0x000000008bc00000|100%| E|CS|TAMS 0x000000008bb00000, 0x000000008bb00000| Complete 

Card table byte_map: [0x00000179c0770000,0x00000179c0b50000] _byte_map_base: 0x00000179c0350000

Marking Bits (Prev, Next): (CMBitMap*) 0x00000179a991aae0, (CMBitMap*) 0x00000179a991ab20
 Prev Bits: [0x00000179c0f30000, 0x00000179c2e30000)
 Next Bits: [0x00000179c2e30000, 0x00000179c4d30000)

Polling page: 0x00000179a78b0000

Metaspace:

Usage:
  Non-class:      2.79 MB used.
      Class:    347.23 KB used.
       Both:      3.13 MB used.

Virtual space:
  Non-class space:        8.00 MB reserved,       2.88 MB ( 36%) committed,  1 nodes.
      Class space:        1.00 GB reserved,     448.00 KB ( <1%) committed,  1 nodes.
              Both:        1.01 GB reserved,       3.31 MB ( <1%) committed. 

Chunk freelists:
   Non-Class:  2.43 MB
       Class:  3.47 MB
        Both:  5.90 MB

MaxMetaspaceSize: 17179869184.00 GB
CompressedClassSpaceSize: 1.00 GB
 - commit_granule_bytes: 65536.
 - commit_granule_words: 8192.
 - virtual_space_node_default_size: 1048576.
 - enlarge_chunks_in_place: 1.
 - new_chunks_are_fully_committed: 0.
 - uncommit_free_chunks: 1.
 - use_allocation_guard: 0.
 - handle_deallocations: 1.


Internal statistics:

num_allocs_failed_limit: 0.
num_arena_births: 74.
num_arena_deaths: 0.
num_vsnodes_births: 2.
num_vsnodes_deaths: 0.
num_space_committed: 53.
num_space_uncommitted: 0.
num_chunks_returned_to_freelist: 0.
num_chunks_taken_from_freelist: 159.
num_chunk_merges: 0.
num_chunk_splits: 113.
num_chunks_enlarged: 80.
num_purges: 0.

CodeHeap 'non-profiled nmethods': size=120000Kb used=210Kb max_used=210Kb free=119789Kb
 bounds [0x00000179b8b30000, 0x00000179b8da0000, 0x00000179c0060000]
CodeHeap 'profiled nmethods': size=120000Kb used=1081Kb max_used=1081Kb free=118919Kb
 bounds [0x00000179b1600000, 0x00000179b1870000, 0x00000179b8b30000]
CodeHeap 'non-nmethods': size=5760Kb used=1160Kb max_used=1175Kb free=4599Kb
 bounds [0x00000179b1060000, 0x00000179b12d0000, 0x00000179b1600000]
 total_blobs=1100 nmethods=664 adapters=349
 compilation: enabled
              stopped_count=0, restarted_count=0
 full_count=0

Compilation events (20 events):
Event: 0.258 Thread 0x00000179c771d1b0 nmethod 649 0x00000179b170a110 code [0x00000179b170a2c0, 0x00000179b170a518]
Event: 0.258 Thread 0x00000179c771d1b0  645   !   3       java.lang.invoke.MemberName::getFieldType (177 bytes)
Event: 0.259 Thread 0x00000179c771d1b0 nmethod 645 0x00000179b170a690 code [0x00000179b170a9c0, 0x00000179b170bf78]
Event: 0.259 Thread 0x00000179c771d1b0  656       3       java.nio.DirectIntBufferU::ix (10 bytes)
Event: 0.259 Thread 0x00000179c771d1b0 nmethod 656 0x00000179b170c610 code [0x00000179b170c7a0, 0x00000179b170c8b8]
Event: 0.259 Thread 0x00000179c771d1b0  654       3       java.lang.invoke.MemberName::isResolved (13 bytes)
Event: 0.259 Thread 0x00000179c771d1b0 nmethod 654 0x00000179b170c990 code [0x00000179b170cb20, 0x00000179b170cc98]
Event: 0.259 Thread 0x00000179c771d1b0  650       3       java.lang.invoke.LambdaForm$NamedFunction::methodType (23 bytes)
Event: 0.259 Thread 0x00000179c771d1b0 nmethod 650 0x00000179b170cd10 code [0x00000179b170cec0, 0x00000179b170d108]
Event: 0.259 Thread 0x00000179c771d1b0  655       1       java.lang.invoke.DirectMethodHandle::internalMemberName (5 bytes)
Event: 0.259 Thread 0x00000179c771d1b0 nmethod 655 0x00000179b8b63e90 code [0x00000179b8b64020, 0x00000179b8b640f8]
Event: 0.259 Thread 0x00000179c771d1b0  661       3       jdk.internal.org.objectweb.asm.Handler::getExceptionTableLength (21 bytes)
Event: 0.259 Thread 0x00000179c771d1b0 nmethod 661 0x00000179b170d210 code [0x00000179b170d3c0, 0x00000179b170d558]
Event: 0.259 Thread 0x00000179c771d1b0  662       1       jdk.internal.org.objectweb.asm.SymbolTable::getMajorVersion (5 bytes)
Event: 0.260 Thread 0x00000179c771d1b0 nmethod 662 0x00000179b8b64190 code [0x00000179b8b64320, 0x00000179b8b643f8]
Event: 0.260 Thread 0x00000179c771d1b0  663       3       java.lang.ref.Cleaner::register (25 bytes)
Event: 0.260 Thread 0x00000179c823a940 nmethod 659 0x00000179b8b64490 code [0x00000179b8b64620, 0x00000179b8b647e8]
Event: 0.260 Thread 0x00000179c771d1b0 nmethod 663 0x00000179b170d690 code [0x00000179b170d880, 0x00000179b170dde8]
Event: 0.260 Thread 0x00000179c771d1b0  664       3       jdk.internal.ref.CleanerImpl$PhantomCleanableRef::<init> (12 bytes)
Event: 0.260 Thread 0x00000179c771d1b0 nmethod 664 0x00000179b170e010 code [0x00000179b170e1c0, 0x00000179b170e368]

GC Heap History (0 events):
No events

Deoptimization events (20 events):
Event: 0.136 Thread 0x00000179a98d9630 DEOPT PACKING pc=0x00000179b16243e5 sp=0x000000263a7fd3d0
Event: 0.136 Thread 0x00000179a98d9630 DEOPT UNPACKING pc=0x00000179b10ae77e sp=0x000000263a7fc820 mode 0
Event: 0.211 Thread 0x00000179a98d9630 Uncommon trap: trap_request=0xffffff45 fr.pc=0x00000179b8b4b69c relative=0x00000000000004fc
Event: 0.211 Thread 0x00000179a98d9630 Uncommon trap: reason=unstable_if action=reinterpret pc=0x00000179b8b4b69c method=java.lang.StringLatin1.indexOf([BI[BII)I @ 80 c2
Event: 0.212 Thread 0x00000179a98d9630 DEOPT PACKING pc=0x00000179b8b4b69c sp=0x000000263a7fd2a0
Event: 0.212 Thread 0x00000179a98d9630 DEOPT UNPACKING pc=0x00000179b10af92e sp=0x000000263a7fd200 mode 2
Event: 0.217 Thread 0x00000179a98d9630 DEOPT PACKING pc=0x00000179b16d84e5 sp=0x000000263a7fdb80
Event: 0.217 Thread 0x00000179a98d9630 DEOPT UNPACKING pc=0x00000179b10ae77e sp=0x000000263a7fcfd0 mode 0
Event: 0.223 Thread 0x00000179a98d9630 DEOPT PACKING pc=0x00000179b16d84e5 sp=0x000000263a7fdef0
Event: 0.223 Thread 0x00000179a98d9630 DEOPT UNPACKING pc=0x00000179b10ae77e sp=0x000000263a7fd340 mode 0
Event: 0.229 Thread 0x00000179a98d9630 DEOPT PACKING pc=0x00000179b16d84e5 sp=0x000000263a7fbf70
Event: 0.229 Thread 0x00000179a98d9630 DEOPT UNPACKING pc=0x00000179b10ae77e sp=0x000000263a7fb3c0 mode 0
Event: 0.231 Thread 0x00000179a98d9630 DEOPT PACKING pc=0x00000179b1635d7e sp=0x000000263a7fe430
Event: 0.231 Thread 0x00000179a98d9630 DEOPT UNPACKING pc=0x00000179b10ae77e sp=0x000000263a7fd8a0 mode 0
Event: 0.236 Thread 0x00000179a98d9630 DEOPT PACKING pc=0x00000179b16d84e5 sp=0x000000263a7fe1a0
Event: 0.236 Thread 0x00000179a98d9630 DEOPT UNPACKING pc=0x00000179b10ae77e sp=0x000000263a7fd5f0 mode 0
Event: 0.239 Thread 0x00000179a98d9630 DEOPT PACKING pc=0x00000179b16d84e5 sp=0x000000263a7fe1a0
Event: 0.239 Thread 0x00000179a98d9630 DEOPT UNPACKING pc=0x00000179b10ae77e sp=0x000000263a7fd5f0 mode 0
Event: 0.258 Thread 0x00000179a98d9630 DEOPT PACKING pc=0x00000179b16d84e5 sp=0x000000263a7fe430
Event: 0.258 Thread 0x00000179a98d9630 DEOPT UNPACKING pc=0x00000179b10ae77e sp=0x000000263a7fd880 mode 0

Classes unloaded (0 events):
No events

Classes redefined (0 events):
No events

Internal exceptions (5 events):
Event: 0.100 Thread 0x00000179a98d9630 Exception <a 'java/lang/NoSuchMethodError'{0x000000008b880e10}: 'void java.lang.invoke.DirectMethodHandle$Holder.invokeSpecial(java.lang.Object, java.lang.Object, java.lang.Object)'> (0x000000008b880e10) 
thrown [t:\workspace\open\src\hotspot\share\interpreter\linkResolver.cpp, line 790]
Event: 0.109 Thread 0x00000179a98d9630 Exception <a 'java/lang/NoSuchMethodError'{0x000000008b8bc0c0}: 'java.lang.Object java.lang.invoke.DirectMethodHandle$Holder.invokeStatic(java.lang.Object, java.lang.Object, int)'> (0x000000008b8bc0c0) 
thrown [t:\workspace\open\src\hotspot\share\interpreter\linkResolver.cpp, line 790]
Event: 0.110 Thread 0x00000179a98d9630 Exception <a 'java/lang/NoSuchMethodError'{0x000000008b8c82e0}: 'void java.lang.invoke.DelegatingMethodHandle$Holder.delegate(java.lang.Object, java.lang.Object, int, java.lang.Object)'> (0x000000008b8c82e0) 
thrown [t:\workspace\open\src\hotspot\share\interpreter\linkResolver.cpp, line 790]
Event: 0.110 Thread 0x00000179a98d9630 Exception <a 'java/lang/NoSuchMethodError'{0x000000008b8cc638}: 'int java.lang.invoke.DirectMethodHandle$Holder.invokeSpecial(java.lang.Object, java.lang.Object, java.lang.Object)'> (0x000000008b8cc638) 
thrown [t:\workspace\open\src\hotspot\share\interpreter\linkResolver.cpp, line 790]
Event: 0.258 Thread 0x00000179a98d9630 Exception <a 'java/lang/NoSuchMethodError'{0x000000008b291370}: 'java.lang.Object java.lang.invoke.DirectMethodHandle$Holder.invokeStatic(java.lang.Object)'> (0x000000008b291370) 
thrown [t:\workspace\open\src\hotspot\share\interpreter\linkResolver.cpp, line 790]

Events (20 events):
Event: 0.248 loading class javax/xml/parsers/SAXParserFactory
Event: 0.248 loading class javax/xml/parsers/SAXParserFactory done
Event: 0.248 loading class javax/xml/parsers/FactoryFinder
Event: 0.248 loading class javax/xml/parsers/FactoryFinder done
Event: 0.248 loading class jdk/xml/internal/SecuritySupport
Event: 0.248 loading class jdk/xml/internal/SecuritySupport done
Event: 0.257 loading class javax/xml/parsers/FactoryFinder$1
Event: 0.257 loading class javax/xml/parsers/FactoryFinder$1 done
Event: 0.257 loading class jdk/internal/misc/ScopedMemoryAccess$Scope
Event: 0.257 loading class jdk/internal/misc/ScopedMemoryAccess$Scope done
Event: 0.259 loading class com/sun/org/apache/xerces/internal/jaxp/SAXParserFactoryImpl
Event: 0.259 loading class com/sun/org/apache/xerces/internal/jaxp/SAXParserFactoryImpl done
Event: 0.260 loading class com/sun/org/apache/xerces/internal/jaxp/SAXParserImpl
Event: 0.260 loading class com/sun/org/apache/xerces/internal/jaxp/JAXPConstants
Event: 0.260 loading class com/sun/org/apache/xerces/internal/jaxp/JAXPConstants done
Event: 0.260 loading class com/sun/org/apache/xerces/internal/xs/PSVIProvider
Event: 0.260 loading class com/sun/org/apache/xerces/internal/xs/PSVIProvider done
Event: 0.260 loading class javax/xml/parsers/SAXParser
Event: 0.260 loading class javax/xml/parsers/SAXParser done
Event: 0.260 loading class com/sun/org/apache/xerces/internal/jaxp/SAXParserImpl done


Dynamic libraries:
0x00007ff6f4090000 - 0x00007ff6f40a0000 	C:\Program Files\Java\jdk-16.0.1\bin\javaw.exe
0x00007ff8634d0000 - 0x00007ff8636c5000 	C:\Windows\SYSTEM32\ntdll.dll
0x00007ff861940000 - 0x00007ff8619fd000 	C:\Windows\System32\KERNEL32.DLL
0x00007ff860c90000 - 0x00007ff860f59000 	C:\Windows\System32\KERNELBASE.dll
0x00007ff861430000 - 0x00007ff861530000 	C:\Windows\System32\ucrtbase.dll
0x00007ff85b400000 - 0x00007ff85b419000 	C:\Program Files\Java\jdk-16.0.1\bin\VCRUNTIME140.dll
0x00007ff85bb40000 - 0x00007ff85bb58000 	C:\Program Files\Java\jdk-16.0.1\bin\jli.dll
0x00007ff861530000 - 0x00007ff8615dc000 	C:\Windows\System32\ADVAPI32.dll
0x00007ff861690000 - 0x00007ff86172e000 	C:\Windows\System32\msvcrt.dll
0x00007ff863360000 - 0x00007ff8633fb000 	C:\Windows\System32\sechost.dll
0x00007ff862e20000 - 0x00007ff862f4a000 	C:\Windows\System32\RPCRT4.dll
0x00007ff861730000 - 0x00007ff8618d0000 	C:\Windows\System32\USER32.dll
0x00007ff861400000 - 0x00007ff861422000 	C:\Windows\System32\win32u.dll
0x00007ff84e590000 - 0x00007ff84e82a000 	C:\Windows\WinSxS\amd64_microsoft.windows.common-controls_6595b64144ccf1df_6.0.19041.1110_none_60b5254171f9507e\COMCTL32.dll
0x00007ff861d50000 - 0x00007ff861d7a000 	C:\Windows\System32\GDI32.dll
0x00007ff860f60000 - 0x00007ff86106b000 	C:\Windows\System32\gdi32full.dll
0x00007ff861310000 - 0x00007ff8613ad000 	C:\Windows\System32\msvcp_win.dll
0x00007ff859cd0000 - 0x00007ff859cda000 	C:\Windows\SYSTEM32\VERSION.dll
0x00007ff861d80000 - 0x00007ff861db0000 	C:\Windows\System32\IMM32.DLL
0x00007ff85dee0000 - 0x00007ff85deec000 	C:\Program Files\Java\jdk-16.0.1\bin\vcruntime140_1.dll
0x00007ff8508c0000 - 0x00007ff850951000 	C:\Program Files\Java\jdk-16.0.1\bin\msvcp140.dll
0x00007fffeff80000 - 0x00007ffff0b2b000 	C:\Program Files\Java\jdk-16.0.1\bin\server\jvm.dll
0x00007ff862f50000 - 0x00007ff862f58000 	C:\Windows\System32\PSAPI.DLL
0x00007ff85b3f0000 - 0x00007ff85b3f9000 	C:\Windows\SYSTEM32\WSOCK32.dll
0x00007ff84dbc0000 - 0x00007ff84dbe7000 	C:\Windows\SYSTEM32\WINMM.dll
0x00007ff8618d0000 - 0x00007ff86193b000 	C:\Windows\System32\WS2_32.dll
0x00007ff85f490000 - 0x00007ff85f4a2000 	C:\Windows\SYSTEM32\kernel.appcore.dll
0x00007ff85b3e0000 - 0x00007ff85b3ea000 	C:\Program Files\Java\jdk-16.0.1\bin\jimage.dll
0x00007ff85e8a0000 - 0x00007ff85ea84000 	C:\Windows\SYSTEM32\DBGHELP.DLL
0x00007ff859640000 - 0x00007ff85966c000 	C:\Windows\SYSTEM32\dbgcore.DLL
0x00007ff861070000 - 0x00007ff8610f3000 	C:\Windows\System32\bcryptPrimitives.dll
0x00007ff85b3b0000 - 0x00007ff85b3d5000 	C:\Program Files\Java\jdk-16.0.1\bin\java.dll
0x00007ff861db0000 - 0x00007ff8624ef000 	C:\Windows\System32\SHELL32.dll
0x00007ff85ecf0000 - 0x00007ff85f480000 	C:\Windows\SYSTEM32\windows.storage.dll
0x00007ff8624f0000 - 0x00007ff862845000 	C:\Windows\System32\combase.dll
0x00007ff860590000 - 0x00007ff8605bc000 	C:\Windows\SYSTEM32\Wldp.dll
0x00007ff8615e0000 - 0x00007ff86168e000 	C:\Windows\System32\SHCORE.dll
0x00007ff863080000 - 0x00007ff8630d5000 	C:\Windows\System32\shlwapi.dll
0x00007ff860b40000 - 0x00007ff860b5f000 	C:\Windows\SYSTEM32\profapi.dll
0x00007ff85b2d0000 - 0x00007ff85b2e0000 	C:\Program Files\Java\jdk-16.0.1\bin\verify.dll
0x00007ff85b390000 - 0x00007ff85b3a9000 	C:\Program Files\Java\jdk-16.0.1\bin\net.dll
0x00007ff856590000 - 0x00007ff856698000 	C:\Windows\SYSTEM32\WINHTTP.dll
0x00007ff8602f0000 - 0x00007ff86035a000 	C:\Windows\system32\mswsock.dll
0x00007ff85b300000 - 0x00007ff85b313000 	C:\Program Files\Java\jdk-16.0.1\bin\nio.dll
0x00007ff85b2e0000 - 0x00007ff85b2f8000 	C:\Program Files\Java\jdk-16.0.1\bin\zip.dll

dbghelp: loaded successfully - version: 4.0.5 - missing functions: none
symbol engine: initialized successfully - sym options: 0x614 - pdb path: .;C:\Program Files\Java\jdk-16.0.1\bin;C:\Windows\SYSTEM32;C:\Windows\WinSxS\amd64_microsoft.windows.common-controls_6595b64144ccf1df_6.0.19041.1110_none_60b5254171f9507e;C:\Program Files\Java\jdk-16.0.1\bin\server

VM Arguments:
jvm_args: -Dfile.encoding=UTF-8 -XX:+ShowCodeDetailsInExceptionMessages 
java_command: com.kasun.HibenateLevel1AndLevel2Cache.demo.QueryDemo
java_class_path (initial): D:\New folder\MySamples\Java\Hibernate\002\HibenateLevel1AndLevel2Cache\target\classes;C:\Users\kasun\.m2\repository\mysql\mysql-connector-java\5.1.38\mysql-connector-java-5.1.38.jar;C:\Users\kasun\.m2\repository\org\hibernate\hibernate-core\4.1.6.Final\hibernate-core-4.1.6.Final.jar;C:\Users\kasun\.m2\repository\antlr\antlr\2.7.7\antlr-2.7.7.jar;C:\Users\kasun\.m2\repository\org\jboss\logging\jboss-logging\3.1.0.GA\jboss-logging-3.1.0.GA.jar;C:\Users\kasun\.m2\repository\org\jboss\spec\javax\transaction\jboss-transaction-api_1.1_spec\1.0.0.Final\jboss-transaction-api_1.1_spec-1.0.0.Final.jar;C:\Users\kasun\.m2\repository\dom4j\dom4j\1.6.1\dom4j-1.6.1.jar;C:\Users\kasun\.m2\repository\org\hibernate\javax\persistence\hibernate-jpa-2.0-api\1.0.1.Final\hibernate-jpa-2.0-api-1.0.1.Final.jar;C:\Users\kasun\.m2\repository\org\javassist\javassist\3.15.0-GA\javassist-3.15.0-GA.jar;C:\Users\kasun\.m2\repository\org\hibernate\common\hibernate-commons-annotations\4.0.1.Final\hibernate-commons-annotations-4.0.1.Final.jar;C:\Users\kasun\.m2\repository\net\sf\ehcache\ehcache\2.10.3\ehcache-2.10.3.jar;C:\Users\kasun\.m2\repository\org\slf4j\slf4j-api\1.7.7\slf4j-api-1.7.7.jar;C:\Users\kasun\.m2\repository\org\hibernate\hibernate-ehcache\4.1.6.Final\hibernate-ehcache-4.1.6.Final.jar;C:\Users\kasun\.m2\repository\net\sf\ehcache\ehcache-core\2.4.3\ehcache-core-2.4.3.jar
Launcher Type: SUN_STANDARD

[Global flags]
     intx CICompilerCount                          = 4                                         {product} {ergonomic}
     uint ConcGCThreads                            = 2                                         {product} {ergonomic}
     uint G1ConcRefinementThreads                  = 8                                         {product} {ergonomic}
   size_t G1HeapRegionSize                         = 1048576                                   {product} {ergonomic}
    uintx GCDrainStackTargetSize                   = 64                                        {product} {ergonomic}
   size_t InitialHeapSize                          = 130023424                                 {product} {ergonomic}
   size_t MarkStackSize                            = 4194304                                   {product} {ergonomic}
   size_t MaxHeapSize                              = 2080374784                                {product} {ergonomic}
   size_t MaxNewSize                               = 1247805440                                {product} {ergonomic}
   size_t MinHeapDeltaBytes                        = 1048576                                   {product} {ergonomic}
   size_t MinHeapSize                              = 8388608                                   {product} {ergonomic}
    uintx NonNMethodCodeHeapSize                   = 5839372                                {pd product} {ergonomic}
    uintx NonProfiledCodeHeapSize                  = 122909434                              {pd product} {ergonomic}
    uintx ProfiledCodeHeapSize                     = 122909434                              {pd product} {ergonomic}
    uintx ReservedCodeCacheSize                    = 251658240                              {pd product} {ergonomic}
     bool SegmentedCodeCache                       = true                                      {product} {ergonomic}
     bool ShowCodeDetailsInExceptionMessages       = true                                   {manageable} {command line}
   size_t SoftMaxHeapSize                          = 2080374784                             {manageable} {ergonomic}
     bool UseCompressedClassPointers               = true                           {product lp64_product} {ergonomic}
     bool UseCompressedOops                        = true                           {product lp64_product} {ergonomic}
     bool UseG1GC                                  = true                                      {product} {ergonomic}
     bool UseLargePagesIndividualAllocation        = false                                  {pd product} {ergonomic}

Logging:
Log output configuration:
 #0: stdout all=warning uptime,level,tags
 #1: stderr all=off uptime,level,tags

Environment Variables:
PATH=C:\Program Files\Common Files\Oracle\Java\javapath;C:\Windows\system32;C:\Windows;C:\Windows\System32\Wbem;C:\Windows\System32\WindowsPowerShell\v1.0\;C:\Windows\System32\OpenSSH\;C:\Program Files\PuTTY\;C:\Program Files\Git\cmd;C:\Program Files\nodejs\;C:\xampp\php;C:\ProgramData\ComposerSetup\bin;C:\ProgramData\chocolatey\bin;C:\Users\kasun\AppData\Local\Microsoft\WindowsApps;C:\Users\kasun\AppData\Roaming\npm;C:\Users\kasun\AppData\Local\atom\bin;C:\Users\kasun\AppData\Local\Programs\Microsoft VS Code\bin;C:\Users\kasun\AppData\Roaming\Composer\vendor\bin
USERNAME=kasun
OS=Windows_NT
PROCESSOR_IDENTIFIER=Intel64 Family 6 Model 126 Stepping 5, GenuineIntel



---------------  S Y S T E M  ---------------

OS:
 Windows 10 , 64 bit Build 19041 (10.0.19041.1151)
OS uptime: 0 days 23:07 hours

CPU: total 8 (initial active 8) (4 cores per cpu, 2 threads per core) family 6 model 126 stepping 5 microcode 0xa6, cx8, cmov, fxsr, ht, mmx, 3dnowpref, sse, sse2, sse3, ssse3, sse4.1, sse4.2, popcnt, lzcnt, tsc, tscinvbit, avx, avx2, aes, erms, clmul, bmi1, bmi2, adx, avx512f, avx512dq, avx512cd, avx512bw, avx512vl, sha, fma, vzeroupper, avx512_vpopcntdq, avx512_vpclmulqdq, avx512_vaes, avx512_vnni, clflush, clflushopt, avx512_vmbi2, avx512_vmbi

Memory: 4k page, system-wide physical 7934M (1961M free)
TotalPageFile size 10275M (AvailPageFile size 5M)
current process WorkingSet (physical memory assigned to process): 52M, peak: 52M
current process commit charge ("private bytes"): 214M, peak: 214M

vm_info: Java HotSpot(TM) 64-Bit Server VM (16.0.1+9-24) for windows-amd64 JRE (16.0.1+9-24), built on Mar 26 2021 19:31:42 by "mach5one" with MS VC++ 16.7 (VS2019)

END.
