#
# There is insufficient memory for the Java Runtime Environment to continue.
# Native memory allocation (mmap) failed to map 130023424 bytes for G1 virtual space
# Possible reasons:
#   The system is out of physical RAM or swap space
#   The process is running with CompressedOops enabled, and the Java Heap may be blocking the growth of the native heap
# Possible solutions:
#   Reduce memory load on the system
#   Increase physical memory or swap space
#   Check if swap backing store is full
#   Decrease Java heap size (-Xmx/-Xms)
#   Decrease number of Java threads
#   Decrease Java thread stack sizes (-Xss)
#   Set larger code cache with -XX:ReservedCodeCacheSize=
#   JVM is running with Unscaled Compressed Oops mode in which the Java heap is
#     placed in the first 4GB address space. The Java Heap base address is the
#     maximum limit for the native heap growth. Please use -XX:HeapBaseMinAddress
#     to set the Java Heap base and to place the Java Heap above 4GB virtual address.
# This output file may be truncated or incomplete.
#
#  Out of Memory Error (os_windows.cpp:3466), pid=17528, tid=19676
#
# JRE version:  (16.0.1+9) (build )
# Java VM: Java HotSpot(TM) 64-Bit Server VM (16.0.1+9-24, mixed mode, sharing, tiered, compressed oops, compressed class ptrs, g1 gc, windows-amd64)
# No core dump will be written. Minidumps are not enabled by default on client versions of Windows
#

---------------  S U M M A R Y ------------

Command Line: -Dfile.encoding=UTF-8 -XX:+ShowCodeDetailsInExceptionMessages com.kasun.HibenateLevel1AndLevel2Cache.demo.QueryDemo

Host: Intel(R) Core(TM) i5-1035G1 CPU @ 1.00GHz, 8 cores, 7G,  Windows 10 , 64 bit Build 19041 (10.0.19041.1151)
Time: Mon Sep 20 21:13:54 2021 Sri Lanka Standard Time elapsed time: 0.009653 seconds (0d 0h 0m 0s)

---------------  T H R E A D  ---------------

Current thread (0x000002860624a0e0):  JavaThread "Unknown thread" [_thread_in_vm, id=19676, stack(0x000000b4c0c00000,0x000000b4c0d00000)]

Stack: [0x000000b4c0c00000,0x000000b4c0d00000]
Native frames: (J=compiled Java code, j=interpreted, Vv=VM code, C=native code)
V  [jvm.dll+0x6687ca]
V  [jvm.dll+0x7ca3c9]
V  [jvm.dll+0x7cbb53]
V  [jvm.dll+0x7cc1b3]
V  [jvm.dll+0x242ea5]
V  [jvm.dll+0x665589]
V  [jvm.dll+0x65a175]
V  [jvm.dll+0x2fc5ab]
V  [jvm.dll+0x3037a6]
V  [jvm.dll+0x352fee]
V  [jvm.dll+0x35321f]
V  [jvm.dll+0x2d3618]
V  [jvm.dll+0x2d4854]
V  [jvm.dll+0x79ccb1]
V  [jvm.dll+0x360de1]
V  [jvm.dll+0x77a990]
V  [jvm.dll+0x3e55af]
V  [jvm.dll+0x3e7081]
C  [jli.dll+0x52fb]
C  [ucrtbase.dll+0x21bb2]
C  [KERNEL32.DLL+0x17034]
C  [ntdll.dll+0x52651]


---------------  P R O C E S S  ---------------

Threads class SMR info:
_java_thread_list=0x00007ffff0a8cbb8, length=0, elements={
}

Java Threads: ( => current thread )

Other Threads:
  0x0000028606289e80 GCTaskThread "GC Thread#0" [stack: 0x000000b4c0d00000,0x000000b4c0e00000] [id=11500]
  0x000002860629bef0 ConcurrentGCThread "G1 Main Marker" [stack: 0x000000b4c0e00000,0x000000b4c0f00000] [id=18872]
  0x000002860629c960 ConcurrentGCThread "G1 Conc#0" [stack: 0x000000b4c0f00000,0x000000b4c1000000] [id=15560]

[error occurred during error reporting (printing all threads), id 0xc0000005, EXCEPTION_ACCESS_VIOLATION (0xc0000005) at pc=0x00007ffff02644d7]

VM state: not at safepoint (not fully initialized)

VM Mutex/Monitor currently owned by a thread:  ([mutex/lock_event])
[0x0000028606247c00] Heap_lock - owner thread: 0x000002860624a0e0

Heap address: 0x0000000084000000, size: 1984 MB, Compressed Oops mode: 32-bit

CDS archive(s) mapped at: [0x0000000000000000-0x0000000000000000-0x0000000000000000), size 0, SharedBaseAddress: 0x0000000800000000, ArchiveRelocationMode: 0.
Narrow klass base: 0x0000000000000000, Narrow klass shift: 0, Narrow klass range: 0x0

GC Precious Log:
<Empty>

Heap:
 garbage-first heap   total 0K, used 0K [0x0000000084000000, 0x0000000100000000)
  region size 1024K, 0 young (0K), 0 survivors (0K)

[error occurred during error reporting (printing heap information), id 0xc0000005, EXCEPTION_ACCESS_VIOLATION (0xc0000005) at pc=0x00007ffff06424ed]

GC Heap History (0 events):
No events

Deoptimization events (0 events):
No events

Classes unloaded (0 events):
No events

Classes redefined (0 events):
No events

Internal exceptions (0 events):
No events

Events (1 events):
Event: 0.005 Loaded shared library C:\Program Files\Java\jdk-16.0.1\bin\java.dll


Dynamic libraries:
0x00007ff6f4090000 - 0x00007ff6f40a0000 	C:\Program Files\Java\jdk-16.0.1\bin\javaw.exe
0x00007ff8634d0000 - 0x00007ff8636c5000 	C:\Windows\SYSTEM32\ntdll.dll
0x00007ff861940000 - 0x00007ff8619fd000 	C:\Windows\System32\KERNEL32.DLL
0x00007ff860c90000 - 0x00007ff860f59000 	C:\Windows\System32\KERNELBASE.dll
0x00007ff861430000 - 0x00007ff861530000 	C:\Windows\System32\ucrtbase.dll
0x00007ff85b400000 - 0x00007ff85b419000 	C:\Program Files\Java\jdk-16.0.1\bin\VCRUNTIME140.dll
0x00007ff85bb40000 - 0x00007ff85bb58000 	C:\Program Files\Java\jdk-16.0.1\bin\jli.dll
0x00007ff861530000 - 0x00007ff8615dc000 	C:\Windows\System32\ADVAPI32.dll
0x00007ff861690000 - 0x00007ff86172e000 	C:\Windows\System32\msvcrt.dll
0x00007ff863360000 - 0x00007ff8633fb000 	C:\Windows\System32\sechost.dll
0x00007ff862e20000 - 0x00007ff862f4a000 	C:\Windows\System32\RPCRT4.dll
0x00007ff861730000 - 0x00007ff8618d0000 	C:\Windows\System32\USER32.dll
0x00007ff861400000 - 0x00007ff861422000 	C:\Windows\System32\win32u.dll
0x00007ff84e590000 - 0x00007ff84e82a000 	C:\Windows\WinSxS\amd64_microsoft.windows.common-controls_6595b64144ccf1df_6.0.19041.1110_none_60b5254171f9507e\COMCTL32.dll
0x00007ff861d50000 - 0x00007ff861d7a000 	C:\Windows\System32\GDI32.dll
0x00007ff860f60000 - 0x00007ff86106b000 	C:\Windows\System32\gdi32full.dll
0x00007ff861310000 - 0x00007ff8613ad000 	C:\Windows\System32\msvcp_win.dll
0x00007ff859cd0000 - 0x00007ff859cda000 	C:\Windows\SYSTEM32\VERSION.dll
0x00007ff861d80000 - 0x00007ff861db0000 	C:\Windows\System32\IMM32.DLL
0x00007ff85dee0000 - 0x00007ff85deec000 	C:\Program Files\Java\jdk-16.0.1\bin\vcruntime140_1.dll
0x00007ff8508c0000 - 0x00007ff850951000 	C:\Program Files\Java\jdk-16.0.1\bin\msvcp140.dll
0x00007fffeff80000 - 0x00007ffff0b2b000 	C:\Program Files\Java\jdk-16.0.1\bin\server\jvm.dll
0x00007ff862f50000 - 0x00007ff862f58000 	C:\Windows\System32\PSAPI.DLL
0x00007ff84dbc0000 - 0x00007ff84dbe7000 	C:\Windows\SYSTEM32\WINMM.dll
0x00007ff85b3f0000 - 0x00007ff85b3f9000 	C:\Windows\SYSTEM32\WSOCK32.dll
0x00007ff8618d0000 - 0x00007ff86193b000 	C:\Windows\System32\WS2_32.dll
0x00007ff85f490000 - 0x00007ff85f4a2000 	C:\Windows\SYSTEM32\kernel.appcore.dll
0x00007ff85b3e0000 - 0x00007ff85b3ea000 	C:\Program Files\Java\jdk-16.0.1\bin\jimage.dll
0x00007ff85e8a0000 - 0x00007ff85ea84000 	C:\Windows\SYSTEM32\DBGHELP.DLL
0x00007ff859640000 - 0x00007ff85966c000 	C:\Windows\SYSTEM32\dbgcore.DLL
0x00007ff861070000 - 0x00007ff8610f3000 	C:\Windows\System32\bcryptPrimitives.dll
0x00007ff85b3b0000 - 0x00007ff85b3d5000 	C:\Program Files\Java\jdk-16.0.1\bin\java.dll

dbghelp: loaded successfully - version: 4.0.5 - missing functions: none
symbol engine: initialized successfully - sym options: 0x614 - pdb path: .;C:\Program Files\Java\jdk-16.0.1\bin;C:\Windows\SYSTEM32;C:\Windows\WinSxS\amd64_microsoft.windows.common-controls_6595b64144ccf1df_6.0.19041.1110_none_60b5254171f9507e;C:\Program Files\Java\jdk-16.0.1\bin\server

VM Arguments:
jvm_args: -Dfile.encoding=UTF-8 -XX:+ShowCodeDetailsInExceptionMessages 
java_command: com.kasun.HibenateLevel1AndLevel2Cache.demo.QueryDemo
java_class_path (initial): D:\New folder\MySamples\Java\Hibernate\002\HibenateLevel1AndLevel2Cache\target\classes;C:\Users\kasun\.m2\repository\mysql\mysql-connector-java\5.1.38\mysql-connector-java-5.1.38.jar;C:\Users\kasun\.m2\repository\org\hibernate\hibernate-core\4.1.6.Final\hibernate-core-4.1.6.Final.jar;C:\Users\kasun\.m2\repository\antlr\antlr\2.7.7\antlr-2.7.7.jar;C:\Users\kasun\.m2\repository\org\jboss\logging\jboss-logging\3.1.0.GA\jboss-logging-3.1.0.GA.jar;C:\Users\kasun\.m2\repository\org\jboss\spec\javax\transaction\jboss-transaction-api_1.1_spec\1.0.0.Final\jboss-transaction-api_1.1_spec-1.0.0.Final.jar;C:\Users\kasun\.m2\repository\dom4j\dom4j\1.6.1\dom4j-1.6.1.jar;C:\Users\kasun\.m2\repository\org\hibernate\javax\persistence\hibernate-jpa-2.0-api\1.0.1.Final\hibernate-jpa-2.0-api-1.0.1.Final.jar;C:\Users\kasun\.m2\repository\org\javassist\javassist\3.15.0-GA\javassist-3.15.0-GA.jar;C:\Users\kasun\.m2\repository\org\hibernate\common\hibernate-commons-annotations\4.0.1.Final\hibernate-commons-annotations-4.0.1.Final.jar;C:\Users\kasun\.m2\repository\net\sf\ehcache\ehcache\2.10.3\ehcache-2.10.3.jar;C:\Users\kasun\.m2\repository\org\slf4j\slf4j-api\1.7.7\slf4j-api-1.7.7.jar;C:\Users\kasun\.m2\repository\org\hibernate\hibernate-ehcache\4.1.6.Final\hibernate-ehcache-4.1.6.Final.jar;C:\Users\kasun\.m2\repository\net\sf\ehcache\ehcache-core\2.4.3\ehcache-core-2.4.3.jar
Launcher Type: SUN_STANDARD

[Global flags]
     intx CICompilerCount                          = 4                                         {product} {ergonomic}
     uint ConcGCThreads                            = 2                                         {product} {ergonomic}
     uint G1ConcRefinementThreads                  = 8                                         {product} {ergonomic}
   size_t G1HeapRegionSize                         = 1048576                                   {product} {ergonomic}
    uintx GCDrainStackTargetSize                   = 64                                        {product} {ergonomic}
   size_t InitialHeapSize                          = 130023424                                 {product} {ergonomic}
   size_t MarkStackSize                            = 4194304                                   {product} {ergonomic}
   size_t MaxHeapSize                              = 2080374784                                {product} {ergonomic}
   size_t MinHeapDeltaBytes                        = 1048576                                   {product} {ergonomic}
   size_t MinHeapSize                              = 8388608                                   {product} {ergonomic}
    uintx NonNMethodCodeHeapSize                   = 5839372                                {pd product} {ergonomic}
    uintx NonProfiledCodeHeapSize                  = 122909434                              {pd product} {ergonomic}
    uintx ProfiledCodeHeapSize                     = 122909434                              {pd product} {ergonomic}
    uintx ReservedCodeCacheSize                    = 251658240                              {pd product} {ergonomic}
     bool SegmentedCodeCache                       = true                                      {product} {ergonomic}
     bool ShowCodeDetailsInExceptionMessages       = true                                   {manageable} {command line}
   size_t SoftMaxHeapSize                          = 2080374784                             {manageable} {ergonomic}
     bool UseCompressedClassPointers               = true                           {product lp64_product} {ergonomic}
     bool UseCompressedOops                        = true                           {product lp64_product} {ergonomic}
     bool UseG1GC                                  = true                                      {product} {ergonomic}
     bool UseLargePagesIndividualAllocation        = false                                  {pd product} {ergonomic}

Logging:
Log output configuration:
 #0: stdout all=warning uptime,level,tags
 #1: stderr all=off uptime,level,tags

Environment Variables:
PATH=C:\Program Files\Common Files\Oracle\Java\javapath;C:\Windows\system32;C:\Windows;C:\Windows\System32\Wbem;C:\Windows\System32\WindowsPowerShell\v1.0\;C:\Windows\System32\OpenSSH\;C:\Program Files\PuTTY\;C:\Program Files\Git\cmd;C:\Program Files\nodejs\;C:\xampp\php;C:\ProgramData\ComposerSetup\bin;C:\ProgramData\chocolatey\bin;C:\Users\kasun\AppData\Local\Microsoft\WindowsApps;C:\Users\kasun\AppData\Roaming\npm;C:\Users\kasun\AppData\Local\atom\bin;C:\Users\kasun\AppData\Local\Programs\Microsoft VS Code\bin;C:\Users\kasun\AppData\Roaming\Composer\vendor\bin
USERNAME=kasun
OS=Windows_NT
PROCESSOR_IDENTIFIER=Intel64 Family 6 Model 126 Stepping 5, GenuineIntel



---------------  S Y S T E M  ---------------

OS:
 Windows 10 , 64 bit Build 19041 (10.0.19041.1151)
OS uptime: 0 days 23:08 hours

CPU: total 8 (initial active 8) (4 cores per cpu, 2 threads per core) family 6 model 126 stepping 5 microcode 0xa6, cx8, cmov, fxsr, ht, mmx, 3dnowpref, sse, sse2, sse3, ssse3, sse4.1, sse4.2, popcnt, lzcnt, tsc, tscinvbit, avx, avx2, aes, erms, clmul, bmi1, bmi2, adx, avx512f, avx512dq, avx512cd, avx512bw, avx512vl, sha, fma, vzeroupper, avx512_vpopcntdq, avx512_vpclmulqdq, avx512_vaes, avx512_vnni, clflush, clflushopt, avx512_vmbi2, avx512_vmbi

Memory: 4k page, system-wide physical 7934M (1937M free)
TotalPageFile size 10275M (AvailPageFile size 111M)
current process WorkingSet (physical memory assigned to process): 10M, peak: 10M
current process commit charge ("private bytes"): 60M, peak: 184M

vm_info: Java HotSpot(TM) 64-Bit Server VM (16.0.1+9-24) for windows-amd64 JRE (16.0.1+9-24), built on Mar 26 2021 19:31:42 by "mach5one" with MS VC++ 16.7 (VS2019)

END.
