[2021-02-02 12:05:13] local.ERROR: Invalid route action: [LoginController]. {"exception":"[object] (UnexpectedValueException(code: 0): Invalid route action: [LoginController]. at /Users/alexgarrettsmith/Code/laravelwebsocketsnuxt/vendor/laravel/framework/src/Illuminate/Routing/RouteAction.php:92)
[stacktrace]
#0 /Users/alexgarrettsmith/Code/laravelwebsocketsnuxt/vendor/laravel/framework/src/Illuminate/Routing/RouteAction.php(47): Illuminate\\Routing\\RouteAction::makeInvokable('LoginController')
#1 /Users/alexgarrettsmith/Code/laravelwebsocketsnuxt/vendor/laravel/framework/src/Illuminate/Routing/Route.php(183): Illuminate\\Routing\\RouteAction::parse('api/login', Array)
#2 /Users/alexgarrettsmith/Code/laravelwebsocketsnuxt/vendor/laravel/framework/src/Illuminate/Routing/Route.php(164): Illuminate\\Routing\\Route->parseAction(Array)
#3 /Users/alexgarrettsmith/Code/laravelwebsocketsnuxt/vendor/laravel/framework/src/Illuminate/Routing/Router.php(557): Illuminate\\Routing\\Route->__construct('POST', 'api/login', Array)
#4 /Users/alexgarrettsmith/Code/laravelwebsocketsnuxt/vendor/laravel/framework/src/Illuminate/Routing/Router.php(476): Illuminate\\Routing\\Router->newRoute('POST', 'api/login', Array)
#5 /Users/alexgarrettsmith/Code/laravelwebsocketsnuxt/vendor/laravel/framework/src/Illuminate/Routing/Router.php(455): Illuminate\\Routing\\Router->createRoute('POST', '/login', Array)
#6 /Users/alexgarrettsmith/Code/laravelwebsocketsnuxt/vendor/laravel/framework/src/Illuminate/Routing/Router.php(159): Illuminate\\Routing\\Router->addRoute('POST', '/login', 'LoginController')
#7 /Users/alexgarrettsmith/Code/laravelwebsocketsnuxt/vendor/laravel/framework/src/Illuminate/Support/Facades/Facade.php(261): Illuminate\\Routing\\Router->post('/login', 'LoginController')
#8 /Users/alexgarrettsmith/Code/laravelwebsocketsnuxt/routes/api.php(21): Illuminate\\Support\\Facades\\Facade::__callStatic('post', Array)
#9 /Users/alexgarrettsmith/Code/laravelwebsocketsnuxt/vendor/laravel/framework/src/Illuminate/Routing/RouteFileRegistrar.php(35): require('/Users/alexgarr...')
#10 /Users/alexgarrettsmith/Code/laravelwebsocketsnuxt/vendor/laravel/framework/src/Illuminate/Routing/Router.php(425): Illuminate\\Routing\\RouteFileRegistrar->register('/Users/alexgarr...')
#11 /Users/alexgarrettsmith/Code/laravelwebsocketsnuxt/vendor/laravel/framework/src/Illuminate/Routing/Router.php(382): Illuminate\\Routing\\Router->loadRoutes('/Users/alexgarr...')
#12 /Users/alexgarrettsmith/Code/laravelwebsocketsnuxt/vendor/laravel/framework/src/Illuminate/Routing/RouteRegistrar.php(135): Illuminate\\Routing\\Router->group(Array, '/Users/alexgarr...')
#13 /Users/alexgarrettsmith/Code/laravelwebsocketsnuxt/app/Providers/RouteServiceProvider.php(44): Illuminate\\Routing\\RouteRegistrar->group('/Users/alexgarr...')
#14 /Users/alexgarrettsmith/Code/laravelwebsocketsnuxt/vendor/laravel/framework/src/Illuminate/Container/BoundMethod.php(36): App\\Providers\\RouteServiceProvider->App\\Providers\\{closure}()
#15 /Users/alexgarrettsmith/Code/laravelwebsocketsnuxt/vendor/laravel/framework/src/Illuminate/Container/Util.php(40): Illuminate\\Container\\BoundMethod::Illuminate\\Container\\{closure}()
#16 /Users/alexgarrettsmith/Code/laravelwebsocketsnuxt/vendor/laravel/framework/src/Illuminate/Container/BoundMethod.php(81): Illuminate\\Container\\Util::unwrapIfClosure(Object(Closure))
#17 /Users/alexgarrettsmith/Code/laravelwebsocketsnuxt/vendor/laravel/framework/src/Illuminate/Container/BoundMethod.php(37): Illuminate\\Container\\BoundMethod::callBoundMethod(Object(Illuminate\\Foundation\\Application), Object(Closure), Object(Closure))
#18 /Users/alexgarrettsmith/Code/laravelwebsocketsnuxt/vendor/laravel/framework/src/Illuminate/Container/Container.php(610): Illuminate\\Container\\BoundMethod::call(Object(Illuminate\\Foundation\\Application), Object(Closure), Array, NULL)
#19 /Users/alexgarrettsmith/Code/laravelwebsocketsnuxt/vendor/laravel/framework/src/Illuminate/Foundation/Support/Providers/RouteServiceProvider.php(120): Illuminate\\Container\\Container->call(Object(Closure))
#20 /Users/alexgarrettsmith/Code/laravelwebsocketsnuxt/vendor/laravel/framework/src/Illuminate/Foundation/Support/Providers/RouteServiceProvider.php(45): Illuminate\\Foundation\\Support\\Providers\\RouteServiceProvider->loadRoutes()
#21 /Users/alexgarrettsmith/Code/laravelwebsocketsnuxt/vendor/laravel/framework/src/Illuminate/Container/BoundMethod.php(36): Illuminate\\Foundation\\Support\\Providers\\RouteServiceProvider->Illuminate\\Foundation\\Support\\Providers\\{closure}()
#22 /Users/alexgarrettsmith/Code/laravelwebsocketsnuxt/vendor/laravel/framework/src/Illuminate/Container/Util.php(40): Illuminate\\Container\\BoundMethod::Illuminate\\Container\\{closure}()
#23 /Users/alexgarrettsmith/Code/laravelwebsocketsnuxt/vendor/laravel/framework/src/Illuminate/Container/BoundMethod.php(81): Illuminate\\Container\\Util::unwrapIfClosure(Object(Closure))
#24 /Users/alexgarrettsmith/Code/laravelwebsocketsnuxt/vendor/laravel/framework/src/Illuminate/Container/BoundMethod.php(37): Illuminate\\Container\\BoundMethod::callBoundMethod(Object(Illuminate\\Foundation\\Application), Object(Closure), Object(Closure))
#25 /Users/alexgarrettsmith/Code/laravelwebsocketsnuxt/vendor/laravel/framework/src/Illuminate/Container/Container.php(610): Illuminate\\Container\\BoundMethod::call(Object(Illuminate\\Foundation\\Application), Object(Closure), Array, NULL)
#26 /Users/alexgarrettsmith/Code/laravelwebsocketsnuxt/vendor/laravel/framework/src/Illuminate/Support/ServiceProvider.php(113): Illuminate\\Container\\Container->call(Object(Closure))
#27 /Users/alexgarrettsmith/Code/laravelwebsocketsnuxt/vendor/laravel/framework/src/Illuminate/Foundation/Application.php(902): Illuminate\\Support\\ServiceProvider->callBootedCallbacks()
#28 /Users/alexgarrettsmith/Code/laravelwebsocketsnuxt/vendor/laravel/framework/src/Illuminate/Foundation/Application.php(880): Illuminate\\Foundation\\Application->bootProvider(Object(App\\Providers\\RouteServiceProvider))
#29 [internal function]: Illuminate\\Foundation\\Application->Illuminate\\Foundation\\{closure}(Object(App\\Providers\\RouteServiceProvider), 26)
#30 /Users/alexgarrettsmith/Code/laravelwebsocketsnuxt/vendor/laravel/framework/src/Illuminate/Foundation/Application.php(881): array_walk(Array, Object(Closure))
#31 /Users/alexgarrettsmith/Code/laravelwebsocketsnuxt/vendor/laravel/framework/src/Illuminate/Foundation/Bootstrap/BootProviders.php(17): Illuminate\\Foundation\\Application->boot()
#32 /Users/alexgarrettsmith/Code/laravelwebsocketsnuxt/vendor/laravel/framework/src/Illuminate/Foundation/Application.php(237): Illuminate\\Foundation\\Bootstrap\\BootProviders->bootstrap(Object(Illuminate\\Foundation\\Application))
#33 /Users/alexgarrettsmith/Code/laravelwebsocketsnuxt/vendor/laravel/framework/src/Illuminate/Foundation/Console/Kernel.php(310): Illuminate\\Foundation\\Application->bootstrapWith(Array)
#34 /Users/alexgarrettsmith/Code/laravelwebsocketsnuxt/vendor/laravel/framework/src/Illuminate/Foundation/Console/Kernel.php(127): Illuminate\\Foundation\\Console\\Kernel->bootstrap()
#35 /Users/alexgarrettsmith/Code/laravelwebsocketsnuxt/artisan(37): Illuminate\\Foundation\\Console\\Kernel->handle(Object(Symfony\\Component\\Console\\Input\\ArgvInput), Object(Symfony\\Component\\Console\\Output\\ConsoleOutput))
#36 {main}
"} 
